[Tue, 18 Oct 2016 08:21:13 +0000] [/jsos_wp/wp-admin/admin.php?page=w3tc_general&w3tc_message=5805db798e203] [http://localhost/jsos_wp/wp-admin/admin.php?page=w3tc_general&w3tc_message=5805db43457e7] skip processing because of generic constant
[Tue, 18 Oct 2016 08:21:18 +0000] [/jsos_wp/w3tc_rewrite_test30783] [http://localhost/jsos_wp/w3tc_rewrite_test30783] start, can_cache: false
[Tue, 18 Oct 2016 08:21:38 +0000] [/jsos_wp/] [-] start, can_cache: false
[Tue, 18 Oct 2016 08:21:41 +0000] [/jsos_wp/] [-] storing cached page: false original false reason User is logged in
[Tue, 18 Oct 2016 08:21:41 +0000] [/jsos_wp/wp-content/cache/minify/fc213.js] [http://localhost/jsos_wp/] start, can_cache: false
[Tue, 18 Oct 2016 08:21:41 +0000] [/jsos_wp/wp-content/cache/minify/3b4d7.js] [http://localhost/jsos_wp/] start, can_cache: false
[Tue, 18 Oct 2016 08:21:41 +0000] [/jsos_wp/wp-content/cache/minify/8f728.js] [http://localhost/jsos_wp/] start, can_cache: false
[Tue, 18 Oct 2016 08:21:41 +0000] [/jsos_wp/wp-content/cache/minify/16320.css] [http://localhost/jsos_wp/] start, can_cache: false
[Tue, 18 Oct 2016 08:21:41 +0000] [/jsos_wp/wp-content/cache/minify/dff4a.js] [http://localhost/jsos_wp/] start, can_cache: false
[Tue, 18 Oct 2016 08:21:43 +0000] [/jsos_wp/wp-content/cache/minify/dff4a.js] [http://localhost/jsos_wp/] storing cached page - not a cached content
[Tue, 18 Oct 2016 08:21:43 +0000] [/jsos_wp/wp-content/cache/minify/3b4d7.js] [http://localhost/jsos_wp/] storing cached page - not a cached content
[Tue, 18 Oct 2016 08:21:43 +0000] [/jsos_wp/wp-content/cache/minify/8f728.js] [http://localhost/jsos_wp/] storing cached page - not a cached content
[Tue, 18 Oct 2016 08:21:43 +0000] [/jsos_wp/wp-content/cache/minify/fc213.js] [http://localhost/jsos_wp/] storing cached page - not a cached content
[Tue, 18 Oct 2016 08:21:43 +0000] [/jsos_wp/wp-content/cache/minify/530c3.js] [http://localhost/jsos_wp/] start, can_cache: false
[Tue, 18 Oct 2016 08:21:44 +0000] [/jsos_wp/wp-content/cache/minify/16320.css] [http://localhost/jsos_wp/] storing cached page - not a cached content
[Tue, 18 Oct 2016 08:21:44 +0000] [/jsos_wp/wp-content/cache/minify/530c3.js] [http://localhost/jsos_wp/] storing cached page - not a cached content
[Tue, 18 Oct 2016 08:21:44 +0000] [/jsos_wp/wp-content/cache/minify/a37bb.js] [http://localhost/jsos_wp/] start, can_cache: false
[Tue, 18 Oct 2016 08:21:44 +0000] [/jsos_wp/wp-content/cache/minify/6dde0.js] [http://localhost/jsos_wp/] start, can_cache: false
[Tue, 18 Oct 2016 08:21:45 +0000] [/jsos_wp/wp-content/cache/minify/a37bb.js] [http://localhost/jsos_wp/] storing cached page - not a cached content
[Tue, 18 Oct 2016 08:21:45 +0000] [/jsos_wp/wp-content/cache/minify/6dde0.js] [http://localhost/jsos_wp/] storing cached page - not a cached content
[Tue, 18 Oct 2016 08:21:45 +0000] [/jsos_wp/wp-admin/admin-ajax.php?action=w3tc_monitoring_score&81e2c1cbd29d49f778306ef316e32bf4] [http://localhost/jsos_wp/] skip processing because of generic constant
[Tue, 18 Oct 2016 08:21:46 +0000] [/jsos_wp/] [-] start, can_cache: false
[Tue, 18 Oct 2016 08:21:50 +0000] [/jsos_wp/] [-] storing cached page: false original false reason User is logged in
[Tue, 18 Oct 2016 08:21:50 +0000] [/jsos_wp/wp-content/cache/minify/16320.css] [http://localhost/jsos_wp/] start, can_cache: false
[Tue, 18 Oct 2016 08:21:50 +0000] [/jsos_wp/wp-content/cache/minify/dff4a.js] [http://localhost/jsos_wp/] start, can_cache: false
[Tue, 18 Oct 2016 08:21:50 +0000] [/jsos_wp/wp-content/cache/minify/fc213.js] [http://localhost/jsos_wp/] start, can_cache: false
[Tue, 18 Oct 2016 08:21:50 +0000] [/jsos_wp/wp-content/cache/minify/3b4d7.js] [http://localhost/jsos_wp/] start, can_cache: false
[Tue, 18 Oct 2016 08:21:50 +0000] [/jsos_wp/wp-content/cache/minify/8f728.js] [http://localhost/jsos_wp/] start, can_cache: false
[Tue, 18 Oct 2016 08:21:51 +0000] [/jsos_wp/wp-content/cache/minify/fc213.js] [http://localhost/jsos_wp/] storing cached page - not a cached content
[Tue, 18 Oct 2016 08:21:51 +0000] [/jsos_wp/wp-content/cache/minify/3b4d7.js] [http://localhost/jsos_wp/] storing cached page - not a cached content
[Tue, 18 Oct 2016 08:21:51 +0000] [/jsos_wp/wp-content/cache/minify/8f728.js] [http://localhost/jsos_wp/] storing cached page - not a cached content
[Tue, 18 Oct 2016 08:21:51 +0000] [/jsos_wp/wp-content/cache/minify/dff4a.js] [http://localhost/jsos_wp/] storing cached page - not a cached content
[Tue, 18 Oct 2016 08:21:51 +0000] [/jsos_wp/wp-content/cache/minify/530c3.js] [http://localhost/jsos_wp/] start, can_cache: false
[Tue, 18 Oct 2016 08:21:52 +0000] [/jsos_wp/wp-content/cache/minify/16320.css] [http://localhost/jsos_wp/] storing cached page - not a cached content
[Tue, 18 Oct 2016 08:21:52 +0000] [/jsos_wp/wp-content/cache/minify/530c3.js] [http://localhost/jsos_wp/] storing cached page - not a cached content
[Tue, 18 Oct 2016 08:21:52 +0000] [/jsos_wp/wp-content/cache/minify/6dde0.js] [http://localhost/jsos_wp/] start, can_cache: false
[Tue, 18 Oct 2016 08:21:52 +0000] [/jsos_wp/wp-content/cache/minify/a37bb.js] [http://localhost/jsos_wp/] start, can_cache: false
[Tue, 18 Oct 2016 08:21:53 +0000] [/jsos_wp/wp-content/cache/minify/6dde0.js] [http://localhost/jsos_wp/] storing cached page - not a cached content
[Tue, 18 Oct 2016 08:21:53 +0000] [/jsos_wp/wp-content/cache/minify/a37bb.js] [http://localhost/jsos_wp/] storing cached page - not a cached content
[Tue, 18 Oct 2016 08:21:53 +0000] [/jsos_wp/wp-admin/admin-ajax.php?action=w3tc_monitoring_score&81e2c1cbd29d49f778306ef316e32bf4] [http://localhost/jsos_wp/] skip processing because of generic constant
[Tue, 18 Oct 2016 08:21:56 +0000] [/jsos_wp/] [-] start, can_cache: false
[Tue, 18 Oct 2016 08:22:00 +0000] [/jsos_wp/] [-] storing cached page: false original false reason User is logged in
[Tue, 18 Oct 2016 08:22:00 +0000] [/jsos_wp/wp-content/cache/minify/8f728.js] [http://localhost/jsos_wp/] start, can_cache: false
[Tue, 18 Oct 2016 08:22:00 +0000] [/jsos_wp/wp-content/cache/minify/3b4d7.js] [http://localhost/jsos_wp/] start, can_cache: false
[Tue, 18 Oct 2016 08:22:00 +0000] [/jsos_wp/wp-content/cache/minify/16320.css] [http://localhost/jsos_wp/] start, can_cache: false
[Tue, 18 Oct 2016 08:22:00 +0000] [/jsos_wp/wp-content/cache/minify/dff4a.js] [http://localhost/jsos_wp/] start, can_cache: false
[Tue, 18 Oct 2016 08:22:00 +0000] [/jsos_wp/wp-content/cache/minify/fc213.js] [http://localhost/jsos_wp/] start, can_cache: false
[Tue, 18 Oct 2016 08:22:01 +0000] [/jsos_wp/wp-content/cache/minify/dff4a.js] [http://localhost/jsos_wp/] storing cached page - not a cached content
[Tue, 18 Oct 2016 08:22:02 +0000] [/jsos_wp/wp-content/cache/minify/3b4d7.js] [http://localhost/jsos_wp/] storing cached page - not a cached content
[Tue, 18 Oct 2016 08:22:02 +0000] [/jsos_wp/wp-content/cache/minify/fc213.js] [http://localhost/jsos_wp/] storing cached page - not a cached content
[Tue, 18 Oct 2016 08:22:02 +0000] [/jsos_wp/wp-content/cache/minify/8f728.js] [http://localhost/jsos_wp/] storing cached page - not a cached content
[Tue, 18 Oct 2016 08:22:02 +0000] [/jsos_wp/wp-content/cache/minify/530c3.js] [http://localhost/jsos_wp/] start, can_cache: false
[Tue, 18 Oct 2016 08:22:03 +0000] [/jsos_wp/wp-content/cache/minify/16320.css] [http://localhost/jsos_wp/] storing cached page - not a cached content
[Tue, 18 Oct 2016 08:22:03 +0000] [/jsos_wp/wp-content/cache/minify/530c3.js] [http://localhost/jsos_wp/] storing cached page - not a cached content
[Tue, 18 Oct 2016 08:22:03 +0000] [/jsos_wp/wp-content/cache/minify/a37bb.js] [http://localhost/jsos_wp/] start, can_cache: false
[Tue, 18 Oct 2016 08:22:03 +0000] [/jsos_wp/wp-content/cache/minify/6dde0.js] [http://localhost/jsos_wp/] start, can_cache: false
[Tue, 18 Oct 2016 08:22:04 +0000] [/jsos_wp/wp-content/cache/minify/6dde0.js] [http://localhost/jsos_wp/] storing cached page - not a cached content
[Tue, 18 Oct 2016 08:22:04 +0000] [/jsos_wp/wp-content/cache/minify/a37bb.js] [http://localhost/jsos_wp/] storing cached page - not a cached content
[Tue, 18 Oct 2016 08:22:04 +0000] [/jsos_wp/wp-admin/admin-ajax.php?action=w3tc_monitoring_score&81e2c1cbd29d49f778306ef316e32bf4] [http://localhost/jsos_wp/] skip processing because of generic constant
[Tue, 18 Oct 2016 08:22:19 +0000] [/jsos_wp/wp-admin/admin-ajax.php] [http://localhost/jsos_wp/wp-admin/admin.php?page=w3tc_general&w3tc_message=5805db798e203] skip processing because of generic constant
[Tue, 18 Oct 2016 08:23:27 +0000] [/jsos_wp/wp-admin/plugins.php] [http://localhost/jsos_wp/wp-admin/admin.php?page=w3tc_general&w3tc_message=5805db43457e7] skip processing because of generic constant
[Tue, 18 Oct 2016 08:23:38 +0000] [/jsos_wp/wp-admin/plugin-install.php] [http://localhost/jsos_wp/wp-admin/plugins.php] skip processing because of generic constant
[Tue, 18 Oct 2016 08:23:45 +0000] [/jsos_wp/wp-admin/plugin-install.php?tab=upload] [http://localhost/jsos_wp/wp-admin/plugin-install.php] skip processing because of generic constant
[Tue, 18 Oct 2016 08:24:04 +0000] [/jsos_wp/wp-admin/update.php?action=upload-plugin] [http://localhost/jsos_wp/wp-admin/plugin-install.php?tab=upload] skip processing because of generic constant
[Tue, 18 Oct 2016 08:24:27 +0000] [/jsos_wp/wp-admin/plugins.php?action=activate&plugin=wp-smushit%2Fwp-smush.php&_wpnonce=5e31fe7026] [http://localhost/jsos_wp/wp-admin/update.php?action=upload-plugin] skip processing because of generic constant
[Tue, 18 Oct 2016 08:24:33 +0000] [/jsos_wp/wp-admin/upload.php?page=wp-smush-bulk] [http://localhost/jsos_wp/wp-admin/update.php?action=upload-plugin] skip processing because of generic constant
[Tue, 18 Oct 2016 08:24:51 +0000] [/jsos_wp/wp-admin/admin-ajax.php?action=scan_for_resmush&type=media&get_ui=true&wp_smush_options_nonce=9e5720372e] [http://localhost/jsos_wp/wp-admin/upload.php?page=wp-smush-bulk] skip processing because of generic constant
[Tue, 18 Oct 2016 08:24:57 +0000] [/jsos_wp/wp-admin/admin-ajax.php?action=wp_smushit_bulk&is_bulk_resmush=false&attachment_id=890&get_next=0&_nonce=] [http://localhost/jsos_wp/wp-admin/upload.php?page=wp-smush-bulk] skip processing because of generic constant
[Tue, 18 Oct 2016 08:25:01 +0000] [/jsos_wp/wp-admin/admin-ajax.php?action=wp_smushit_bulk&is_bulk_resmush=false&attachment_id=865&get_next=0&_nonce=] [http://localhost/jsos_wp/wp-admin/upload.php?page=wp-smush-bulk] skip processing because of generic constant
[Tue, 18 Oct 2016 08:25:05 +0000] [/jsos_wp/wp-admin/admin-ajax.php?action=wp_smushit_bulk&is_bulk_resmush=false&attachment_id=864&get_next=0&_nonce=] [http://localhost/jsos_wp/wp-admin/upload.php?page=wp-smush-bulk] skip processing because of generic constant
[Tue, 18 Oct 2016 08:25:08 +0000] [/jsos_wp/wp-admin/admin-ajax.php?action=wp_smushit_bulk&is_bulk_resmush=false&attachment_id=863&get_next=0&_nonce=] [http://localhost/jsos_wp/wp-admin/upload.php?page=wp-smush-bulk] skip processing because of generic constant
[Tue, 18 Oct 2016 08:25:11 +0000] [/jsos_wp/wp-admin/admin-ajax.php?action=wp_smushit_bulk&is_bulk_resmush=false&attachment_id=857&get_next=0&_nonce=] [http://localhost/jsos_wp/wp-admin/upload.php?page=wp-smush-bulk] skip processing because of generic constant
[Tue, 18 Oct 2016 08:25:15 +0000] [/jsos_wp/wp-admin/admin-ajax.php?action=wp_smushit_bulk&is_bulk_resmush=false&attachment_id=845&get_next=0&_nonce=] [http://localhost/jsos_wp/wp-admin/upload.php?page=wp-smush-bulk] skip processing because of generic constant
[Tue, 18 Oct 2016 08:25:18 +0000] [/jsos_wp/wp-admin/admin-ajax.php?action=wp_smushit_bulk&is_bulk_resmush=false&attachment_id=807&get_next=0&_nonce=] [http://localhost/jsos_wp/wp-admin/upload.php?page=wp-smush-bulk] skip processing because of generic constant
[Tue, 18 Oct 2016 08:25:22 +0000] [/jsos_wp/wp-admin/admin-ajax.php?action=wp_smushit_bulk&is_bulk_resmush=false&attachment_id=804&get_next=0&_nonce=] [http://localhost/jsos_wp/wp-admin/upload.php?page=wp-smush-bulk] skip processing because of generic constant
[Tue, 18 Oct 2016 08:25:25 +0000] [/jsos_wp/wp-admin/admin-ajax.php?action=wp_smushit_bulk&is_bulk_resmush=false&attachment_id=801&get_next=0&_nonce=] [http://localhost/jsos_wp/wp-admin/upload.php?page=wp-smush-bulk] skip processing because of generic constant
[Tue, 18 Oct 2016 08:25:28 +0000] [/jsos_wp/wp-admin/admin-ajax.php?action=wp_smushit_bulk&is_bulk_resmush=false&attachment_id=799&get_next=0&_nonce=] [http://localhost/jsos_wp/wp-admin/upload.php?page=wp-smush-bulk] skip processing because of generic constant
[Tue, 18 Oct 2016 08:25:31 +0000] [/jsos_wp/wp-admin/admin-ajax.php?action=wp_smushit_bulk&is_bulk_resmush=false&attachment_id=791&get_next=0&_nonce=] [http://localhost/jsos_wp/wp-admin/upload.php?page=wp-smush-bulk] skip processing because of generic constant
[Tue, 18 Oct 2016 08:25:35 +0000] [/jsos_wp/wp-admin/admin-ajax.php?action=wp_smushit_bulk&is_bulk_resmush=false&attachment_id=781&get_next=0&_nonce=] [http://localhost/jsos_wp/wp-admin/upload.php?page=wp-smush-bulk] skip processing because of generic constant
[Tue, 18 Oct 2016 08:25:38 +0000] [/jsos_wp/wp-admin/admin-ajax.php?action=wp_smushit_bulk&is_bulk_resmush=false&attachment_id=780&get_next=0&_nonce=] [http://localhost/jsos_wp/wp-admin/upload.php?page=wp-smush-bulk] skip processing because of generic constant
[Tue, 18 Oct 2016 08:25:40 +0000] [/jsos_wp/wp-admin/admin-ajax.php] [http://localhost/jsos_wp/wp-admin/upload.php?page=wp-smush-bulk] skip processing because of generic constant
[Tue, 18 Oct 2016 08:25:41 +0000] [/jsos_wp/wp-admin/admin-ajax.php?action=wp_smushit_bulk&is_bulk_resmush=false&attachment_id=779&get_next=0&_nonce=] [http://localhost/jsos_wp/wp-admin/upload.php?page=wp-smush-bulk] skip processing because of generic constant
[Tue, 18 Oct 2016 08:25:45 +0000] [/jsos_wp/wp-admin/admin-ajax.php?action=wp_smushit_bulk&is_bulk_resmush=false&attachment_id=778&get_next=0&_nonce=] [http://localhost/jsos_wp/wp-admin/upload.php?page=wp-smush-bulk] skip processing because of generic constant
[Tue, 18 Oct 2016 08:25:48 +0000] [/jsos_wp/wp-admin/admin-ajax.php?action=wp_smushit_bulk&is_bulk_resmush=false&attachment_id=777&get_next=0&_nonce=] [http://localhost/jsos_wp/wp-admin/upload.php?page=wp-smush-bulk] skip processing because of generic constant
[Tue, 18 Oct 2016 08:25:52 +0000] [/jsos_wp/wp-admin/admin-ajax.php?action=wp_smushit_bulk&is_bulk_resmush=false&attachment_id=776&get_next=0&_nonce=] [http://localhost/jsos_wp/wp-admin/upload.php?page=wp-smush-bulk] skip processing because of generic constant
[Tue, 18 Oct 2016 08:25:55 +0000] [/jsos_wp/wp-admin/admin-ajax.php?action=wp_smushit_bulk&is_bulk_resmush=false&attachment_id=767&get_next=0&_nonce=] [http://localhost/jsos_wp/wp-admin/upload.php?page=wp-smush-bulk] skip processing because of generic constant
[Tue, 18 Oct 2016 08:25:58 +0000] [/jsos_wp/wp-admin/admin-ajax.php?action=wp_smushit_bulk&is_bulk_resmush=false&attachment_id=766&get_next=0&_nonce=] [http://localhost/jsos_wp/wp-admin/upload.php?page=wp-smush-bulk] skip processing because of generic constant
[Tue, 18 Oct 2016 08:26:02 +0000] [/jsos_wp/wp-admin/admin-ajax.php?action=wp_smushit_bulk&is_bulk_resmush=false&attachment_id=765&get_next=0&_nonce=] [http://localhost/jsos_wp/wp-admin/upload.php?page=wp-smush-bulk] skip processing because of generic constant
[Tue, 18 Oct 2016 08:26:05 +0000] [/jsos_wp/wp-admin/admin-ajax.php?action=wp_smushit_bulk&is_bulk_resmush=false&attachment_id=764&get_next=0&_nonce=] [http://localhost/jsos_wp/wp-admin/upload.php?page=wp-smush-bulk] skip processing because of generic constant
[Tue, 18 Oct 2016 08:26:09 +0000] [/jsos_wp/wp-admin/admin-ajax.php?action=wp_smushit_bulk&is_bulk_resmush=false&attachment_id=763&get_next=0&_nonce=] [http://localhost/jsos_wp/wp-admin/upload.php?page=wp-smush-bulk] skip processing because of generic constant
[Tue, 18 Oct 2016 08:26:12 +0000] [/jsos_wp/wp-admin/admin-ajax.php?action=wp_smushit_bulk&is_bulk_resmush=false&attachment_id=762&get_next=0&_nonce=] [http://localhost/jsos_wp/wp-admin/upload.php?page=wp-smush-bulk] skip processing because of generic constant
[Tue, 18 Oct 2016 08:26:16 +0000] [/jsos_wp/wp-admin/admin-ajax.php?action=wp_smushit_bulk&is_bulk_resmush=false&attachment_id=761&get_next=0&_nonce=] [http://localhost/jsos_wp/wp-admin/upload.php?page=wp-smush-bulk] skip processing because of generic constant
[Tue, 18 Oct 2016 08:26:19 +0000] [/jsos_wp/wp-admin/admin-ajax.php?action=wp_smushit_bulk&is_bulk_resmush=false&attachment_id=760&get_next=0&_nonce=] [http://localhost/jsos_wp/wp-admin/upload.php?page=wp-smush-bulk] skip processing because of generic constant
[Tue, 18 Oct 2016 08:26:22 +0000] [/jsos_wp/wp-admin/admin-ajax.php?action=wp_smushit_bulk&is_bulk_resmush=false&attachment_id=759&get_next=0&_nonce=] [http://localhost/jsos_wp/wp-admin/upload.php?page=wp-smush-bulk] skip processing because of generic constant
[Tue, 18 Oct 2016 08:26:26 +0000] [/jsos_wp/wp-admin/admin-ajax.php?action=wp_smushit_bulk&is_bulk_resmush=false&attachment_id=758&get_next=0&_nonce=] [http://localhost/jsos_wp/wp-admin/upload.php?page=wp-smush-bulk] skip processing because of generic constant
[Tue, 18 Oct 2016 08:26:29 +0000] [/jsos_wp/wp-admin/admin-ajax.php?action=wp_smushit_bulk&is_bulk_resmush=false&attachment_id=757&get_next=0&_nonce=] [http://localhost/jsos_wp/wp-admin/upload.php?page=wp-smush-bulk] skip processing because of generic constant
[Tue, 18 Oct 2016 08:26:33 +0000] [/jsos_wp/wp-admin/admin-ajax.php?action=wp_smushit_bulk&is_bulk_resmush=false&attachment_id=756&get_next=0&_nonce=] [http://localhost/jsos_wp/wp-admin/upload.php?page=wp-smush-bulk] skip processing because of generic constant
[Tue, 18 Oct 2016 08:26:36 +0000] [/jsos_wp/wp-admin/admin-ajax.php?action=wp_smushit_bulk&is_bulk_resmush=false&attachment_id=755&get_next=0&_nonce=] [http://localhost/jsos_wp/wp-admin/upload.php?page=wp-smush-bulk] skip processing because of generic constant
[Tue, 18 Oct 2016 08:26:40 +0000] [/jsos_wp/wp-admin/admin-ajax.php] [http://localhost/jsos_wp/wp-admin/upload.php?page=wp-smush-bulk] skip processing because of generic constant
[Tue, 18 Oct 2016 08:26:43 +0000] [/jsos_wp/wp-admin/admin-ajax.php?action=wp_smushit_bulk&is_bulk_resmush=false&attachment_id=754&get_next=0&_nonce=] [http://localhost/jsos_wp/wp-admin/upload.php?page=wp-smush-bulk] skip processing because of generic constant
[Tue, 18 Oct 2016 08:26:46 +0000] [/jsos_wp/wp-admin/admin-ajax.php?action=wp_smushit_bulk&is_bulk_resmush=false&attachment_id=753&get_next=0&_nonce=] [http://localhost/jsos_wp/wp-admin/upload.php?page=wp-smush-bulk] skip processing because of generic constant
[Tue, 18 Oct 2016 08:26:49 +0000] [/jsos_wp/wp-admin/admin-ajax.php?action=wp_smushit_bulk&is_bulk_resmush=false&attachment_id=752&get_next=0&_nonce=] [http://localhost/jsos_wp/wp-admin/upload.php?page=wp-smush-bulk] skip processing because of generic constant
[Tue, 18 Oct 2016 08:26:52 +0000] [/jsos_wp/wp-admin/admin-ajax.php?action=wp_smushit_bulk&is_bulk_resmush=false&attachment_id=751&get_next=0&_nonce=] [http://localhost/jsos_wp/wp-admin/upload.php?page=wp-smush-bulk] skip processing because of generic constant
[Tue, 18 Oct 2016 08:26:56 +0000] [/jsos_wp/wp-admin/admin-ajax.php?action=wp_smushit_bulk&is_bulk_resmush=false&attachment_id=750&get_next=0&_nonce=] [http://localhost/jsos_wp/wp-admin/upload.php?page=wp-smush-bulk] skip processing because of generic constant
[Tue, 18 Oct 2016 08:26:59 +0000] [/jsos_wp/wp-admin/admin-ajax.php?action=wp_smushit_bulk&is_bulk_resmush=false&attachment_id=749&get_next=0&_nonce=] [http://localhost/jsos_wp/wp-admin/upload.php?page=wp-smush-bulk] skip processing because of generic constant
[Tue, 18 Oct 2016 08:27:03 +0000] [/jsos_wp/wp-admin/admin-ajax.php?action=wp_smushit_bulk&is_bulk_resmush=false&attachment_id=748&get_next=0&_nonce=] [http://localhost/jsos_wp/wp-admin/upload.php?page=wp-smush-bulk] skip processing because of generic constant
[Tue, 18 Oct 2016 08:27:08 +0000] [/jsos_wp/wp-admin/admin-ajax.php?action=wp_smushit_bulk&is_bulk_resmush=false&attachment_id=747&get_next=0&_nonce=] [http://localhost/jsos_wp/wp-admin/upload.php?page=wp-smush-bulk] skip processing because of generic constant
[Tue, 18 Oct 2016 08:27:11 +0000] [/jsos_wp/wp-admin/admin-ajax.php?action=wp_smushit_bulk&is_bulk_resmush=false&attachment_id=746&get_next=0&_nonce=] [http://localhost/jsos_wp/wp-admin/upload.php?page=wp-smush-bulk] skip processing because of generic constant
[Tue, 18 Oct 2016 08:27:15 +0000] [/jsos_wp/wp-admin/admin-ajax.php?action=wp_smushit_bulk&is_bulk_resmush=false&attachment_id=742&get_next=0&_nonce=] [http://localhost/jsos_wp/wp-admin/upload.php?page=wp-smush-bulk] skip processing because of generic constant
[Tue, 18 Oct 2016 08:27:18 +0000] [/jsos_wp/wp-admin/admin-ajax.php?action=wp_smushit_bulk&is_bulk_resmush=false&attachment_id=713&get_next=0&_nonce=] [http://localhost/jsos_wp/wp-admin/upload.php?page=wp-smush-bulk] skip processing because of generic constant
[Tue, 18 Oct 2016 08:27:21 +0000] [/jsos_wp/wp-admin/admin-ajax.php?action=wp_smushit_bulk&is_bulk_resmush=false&attachment_id=712&get_next=0&_nonce=] [http://localhost/jsos_wp/wp-admin/upload.php?page=wp-smush-bulk] skip processing because of generic constant
[Tue, 18 Oct 2016 08:27:25 +0000] [/jsos_wp/wp-admin/admin-ajax.php?action=wp_smushit_bulk&is_bulk_resmush=false&attachment_id=711&get_next=0&_nonce=] [http://localhost/jsos_wp/wp-admin/upload.php?page=wp-smush-bulk] skip processing because of generic constant
[Tue, 18 Oct 2016 08:27:28 +0000] [/jsos_wp/wp-admin/admin-ajax.php?action=wp_smushit_bulk&is_bulk_resmush=false&attachment_id=710&get_next=0&_nonce=] [http://localhost/jsos_wp/wp-admin/upload.php?page=wp-smush-bulk] skip processing because of generic constant
[Tue, 18 Oct 2016 08:27:31 +0000] [/jsos_wp/wp-admin/admin-ajax.php?action=wp_smushit_bulk&is_bulk_resmush=false&attachment_id=709&get_next=0&_nonce=] [http://localhost/jsos_wp/wp-admin/upload.php?page=wp-smush-bulk] skip processing because of generic constant
[Tue, 18 Oct 2016 08:27:35 +0000] [/jsos_wp/wp-admin/admin-ajax.php?action=wp_smushit_bulk&is_bulk_resmush=false&attachment_id=690&get_next=0&_nonce=] [http://localhost/jsos_wp/wp-admin/upload.php?page=wp-smush-bulk] skip processing because of generic constant
[Tue, 18 Oct 2016 08:27:38 +0000] [/jsos_wp/wp-admin/admin-ajax.php?action=wp_smushit_bulk&is_bulk_resmush=false&attachment_id=689&get_next=0&_nonce=] [http://localhost/jsos_wp/wp-admin/upload.php?page=wp-smush-bulk] skip processing because of generic constant
[Tue, 18 Oct 2016 08:27:41 +0000] [/jsos_wp/wp-admin/admin-ajax.php] [http://localhost/jsos_wp/wp-admin/upload.php?page=wp-smush-bulk] skip processing because of generic constant
[Tue, 18 Oct 2016 08:27:41 +0000] [/jsos_wp/wp-admin/admin-ajax.php?action=wp_smushit_bulk&is_bulk_resmush=false&attachment_id=688&get_next=0&_nonce=] [http://localhost/jsos_wp/wp-admin/upload.php?page=wp-smush-bulk] skip processing because of generic constant
[Tue, 18 Oct 2016 08:27:45 +0000] [/jsos_wp/wp-admin/admin-ajax.php?action=wp_smushit_bulk&is_bulk_resmush=false&attachment_id=672&get_next=0&_nonce=] [http://localhost/jsos_wp/wp-admin/upload.php?page=wp-smush-bulk] skip processing because of generic constant
[Tue, 18 Oct 2016 08:27:48 +0000] [/jsos_wp/wp-admin/admin-ajax.php?action=wp_smushit_bulk&is_bulk_resmush=false&attachment_id=671&get_next=0&_nonce=] [http://localhost/jsos_wp/wp-admin/upload.php?page=wp-smush-bulk] skip processing because of generic constant
[Tue, 18 Oct 2016 08:27:52 +0000] [/jsos_wp/wp-admin/admin-ajax.php?action=wp_smushit_bulk&is_bulk_resmush=false&attachment_id=670&get_next=0&_nonce=] [http://localhost/jsos_wp/wp-admin/upload.php?page=wp-smush-bulk] skip processing because of generic constant
[Tue, 18 Oct 2016 08:27:58 +0000] [/jsos_wp/wp-admin/admin-ajax.php?action=wp_smushit_bulk&is_bulk_resmush=false&attachment_id=669&get_next=0&_nonce=] [http://localhost/jsos_wp/wp-admin/upload.php?page=wp-smush-bulk] skip processing because of generic constant
[Tue, 18 Oct 2016 08:28:02 +0000] [/jsos_wp/wp-admin/admin-ajax.php?action=wp_smushit_bulk&is_bulk_resmush=false&attachment_id=668&get_next=0&_nonce=] [http://localhost/jsos_wp/wp-admin/upload.php?page=wp-smush-bulk] skip processing because of generic constant
[Tue, 18 Oct 2016 08:28:06 +0000] [/jsos_wp/wp-admin/admin-ajax.php?action=wp_smushit_bulk&is_bulk_resmush=false&attachment_id=667&get_next=0&_nonce=] [http://localhost/jsos_wp/wp-admin/upload.php?page=wp-smush-bulk] skip processing because of generic constant
[Tue, 18 Oct 2016 08:28:09 +0000] [/jsos_wp/wp-admin/admin-ajax.php?action=wp_smushit_bulk&is_bulk_resmush=false&attachment_id=666&get_next=0&_nonce=] [http://localhost/jsos_wp/wp-admin/upload.php?page=wp-smush-bulk] skip processing because of generic constant
[Tue, 18 Oct 2016 08:28:13 +0000] [/jsos_wp/wp-admin/admin-ajax.php?action=wp_smushit_bulk&is_bulk_resmush=false&attachment_id=665&get_next=0&_nonce=] [http://localhost/jsos_wp/wp-admin/upload.php?page=wp-smush-bulk] skip processing because of generic constant
[Tue, 18 Oct 2016 08:28:16 +0000] [/jsos_wp/wp-admin/admin-ajax.php?action=wp_smushit_bulk&is_bulk_resmush=false&attachment_id=664&get_next=0&_nonce=] [http://localhost/jsos_wp/wp-admin/upload.php?page=wp-smush-bulk] skip processing because of generic constant
[Tue, 18 Oct 2016 08:28:20 +0000] [/jsos_wp/wp-admin/admin-ajax.php?action=wp_smushit_bulk&is_bulk_resmush=false&attachment_id=663&get_next=0&_nonce=] [http://localhost/jsos_wp/wp-admin/upload.php?page=wp-smush-bulk] skip processing because of generic constant
[Tue, 18 Oct 2016 08:28:23 +0000] [/jsos_wp/wp-admin/admin-ajax.php?action=wp_smushit_bulk&is_bulk_resmush=false&attachment_id=662&get_next=0&_nonce=] [http://localhost/jsos_wp/wp-admin/upload.php?page=wp-smush-bulk] skip processing because of generic constant
[Tue, 18 Oct 2016 08:28:24 +0000] [/jsos_wp/wp-admin/plugins.php] [http://localhost/jsos_wp/wp-admin/upload.php?page=wp-smush-bulk] skip processing because of generic constant
[Tue, 18 Oct 2016 08:28:30 +0000] [/jsos_wp/wp-admin/admin-ajax.php?action=wp_smushit_bulk&is_bulk_resmush=false&attachment_id=661&get_next=0&_nonce=] [http://localhost/jsos_wp/wp-admin/upload.php?page=wp-smush-bulk] skip processing because of generic constant
[Tue, 18 Oct 2016 08:28:34 +0000] [/jsos_wp/wp-admin/admin-ajax.php?action=wp_smushit_bulk&is_bulk_resmush=false&attachment_id=660&get_next=0&_nonce=] [http://localhost/jsos_wp/wp-admin/upload.php?page=wp-smush-bulk] skip processing because of generic constant
[Tue, 18 Oct 2016 08:28:38 +0000] [/jsos_wp/wp-admin/admin-ajax.php?action=wp_smushit_bulk&is_bulk_resmush=false&attachment_id=659&get_next=0&_nonce=] [http://localhost/jsos_wp/wp-admin/upload.php?page=wp-smush-bulk] skip processing because of generic constant
[Tue, 18 Oct 2016 08:28:41 +0000] [/jsos_wp/wp-admin/admin-ajax.php] [http://localhost/jsos_wp/wp-admin/upload.php?page=wp-smush-bulk] skip processing because of generic constant
[Tue, 18 Oct 2016 08:28:42 +0000] [/jsos_wp/wp-admin/admin-ajax.php?action=wp_smushit_bulk&is_bulk_resmush=false&attachment_id=658&get_next=0&_nonce=] [http://localhost/jsos_wp/wp-admin/upload.php?page=wp-smush-bulk] skip processing because of generic constant
[Tue, 18 Oct 2016 08:28:45 +0000] [/jsos_wp/wp-admin/admin-ajax.php?action=wp_smushit_bulk&is_bulk_resmush=false&attachment_id=657&get_next=0&_nonce=] [http://localhost/jsos_wp/wp-admin/upload.php?page=wp-smush-bulk] skip processing because of generic constant
[Tue, 18 Oct 2016 08:28:49 +0000] [/jsos_wp/wp-admin/admin-ajax.php?action=wp_smushit_bulk&is_bulk_resmush=false&attachment_id=656&get_next=0&_nonce=] [http://localhost/jsos_wp/wp-admin/upload.php?page=wp-smush-bulk] skip processing because of generic constant
[Tue, 18 Oct 2016 08:28:52 +0000] [/jsos_wp/wp-admin/admin-ajax.php?action=wp_smushit_bulk&is_bulk_resmush=false&attachment_id=655&get_next=0&_nonce=] [http://localhost/jsos_wp/wp-admin/upload.php?page=wp-smush-bulk] skip processing because of generic constant
[Tue, 18 Oct 2016 08:28:56 +0000] [/jsos_wp/wp-admin/admin-ajax.php?action=wp_smushit_bulk&is_bulk_resmush=false&attachment_id=654&get_next=0&_nonce=] [http://localhost/jsos_wp/wp-admin/upload.php?page=wp-smush-bulk] skip processing because of generic constant
[Tue, 18 Oct 2016 08:28:59 +0000] [/jsos_wp/wp-admin/admin-ajax.php?action=wp_smushit_bulk&is_bulk_resmush=false&attachment_id=653&get_next=0&_nonce=] [http://localhost/jsos_wp/wp-admin/upload.php?page=wp-smush-bulk] skip processing because of generic constant
[Tue, 18 Oct 2016 08:29:02 +0000] [/jsos_wp/wp-admin/admin-ajax.php?action=wp_smushit_bulk&is_bulk_resmush=false&attachment_id=646&get_next=0&_nonce=] [http://localhost/jsos_wp/wp-admin/upload.php?page=wp-smush-bulk] skip processing because of generic constant
[Tue, 18 Oct 2016 08:29:06 +0000] [/jsos_wp/wp-admin/admin-ajax.php?action=wp_smushit_bulk&is_bulk_resmush=false&attachment_id=645&get_next=0&_nonce=] [http://localhost/jsos_wp/wp-admin/upload.php?page=wp-smush-bulk] skip processing because of generic constant
[Tue, 18 Oct 2016 08:29:09 +0000] [/jsos_wp/wp-admin/admin-ajax.php?action=wp_smushit_bulk&is_bulk_resmush=false&attachment_id=644&get_next=0&_nonce=] [http://localhost/jsos_wp/wp-admin/upload.php?page=wp-smush-bulk] skip processing because of generic constant
[Tue, 18 Oct 2016 08:29:13 +0000] [/jsos_wp/wp-admin/admin-ajax.php?action=wp_smushit_bulk&is_bulk_resmush=false&attachment_id=643&get_next=0&_nonce=] [http://localhost/jsos_wp/wp-admin/upload.php?page=wp-smush-bulk] skip processing because of generic constant
[Tue, 18 Oct 2016 08:29:16 +0000] [/jsos_wp/wp-admin/plugins.php?action=deactivate&plugin=wp-optimize%2Fwp-optimize.php&plugin_status=all&paged=1&s&_wpnonce=4dcbc82201] [http://localhost/jsos_wp/wp-admin/plugins.php] skip processing because of generic constant
[Tue, 18 Oct 2016 08:29:16 +0000] [/jsos_wp/wp-admin/admin-ajax.php?action=wp_smushit_bulk&is_bulk_resmush=false&attachment_id=642&get_next=0&_nonce=] [http://localhost/jsos_wp/wp-admin/upload.php?page=wp-smush-bulk] skip processing because of generic constant
[Tue, 18 Oct 2016 08:29:20 +0000] [/jsos_wp/wp-admin/admin-ajax.php?action=wp_smushit_bulk&is_bulk_resmush=false&attachment_id=641&get_next=0&_nonce=] [http://localhost/jsos_wp/wp-admin/upload.php?page=wp-smush-bulk] skip processing because of generic constant
[Tue, 18 Oct 2016 08:29:23 +0000] [/jsos_wp/wp-admin/plugins.php?deactivate=true&plugin_status=all&paged=1&s=] [http://localhost/jsos_wp/wp-admin/plugins.php] skip processing because of generic constant
[Tue, 18 Oct 2016 08:29:23 +0000] [/jsos_wp/wp-admin/admin-ajax.php?action=wp_smushit_bulk&is_bulk_resmush=false&attachment_id=640&get_next=0&_nonce=] [http://localhost/jsos_wp/wp-admin/upload.php?page=wp-smush-bulk] skip processing because of generic constant
[Tue, 18 Oct 2016 08:29:26 +0000] [/jsos_wp/wp-admin/admin-ajax.php?action=wp_smushit_bulk&is_bulk_resmush=false&attachment_id=639&get_next=0&_nonce=] [http://localhost/jsos_wp/wp-admin/upload.php?page=wp-smush-bulk] skip processing because of generic constant
[Tue, 18 Oct 2016 08:29:30 +0000] [/jsos_wp/wp-admin/admin-ajax.php?action=wp_smushit_bulk&is_bulk_resmush=false&attachment_id=638&get_next=0&_nonce=] [http://localhost/jsos_wp/wp-admin/upload.php?page=wp-smush-bulk] skip processing because of generic constant
[Tue, 18 Oct 2016 08:29:33 +0000] [/jsos_wp/wp-admin/plugins.php?action=deactivate&plugin=pirate-forms%2Fpirate-forms.php&plugin_status=all&paged=1&s&_wpnonce=ce9136310a] [http://localhost/jsos_wp/wp-admin/plugins.php?plugin_status=all&paged=1&s] skip processing because of generic constant
[Tue, 18 Oct 2016 08:29:36 +0000] [/jsos_wp/wp-admin/admin-ajax.php?action=wp_smushit_bulk&is_bulk_resmush=false&attachment_id=637&get_next=0&_nonce=] [http://localhost/jsos_wp/wp-admin/upload.php?page=wp-smush-bulk] skip processing because of generic constant
[Tue, 18 Oct 2016 08:29:39 +0000] [/jsos_wp/wp-admin/admin-ajax.php?action=wp_smushit_bulk&is_bulk_resmush=false&attachment_id=618&get_next=0&_nonce=] [http://localhost/jsos_wp/wp-admin/upload.php?page=wp-smush-bulk] skip processing because of generic constant
[Tue, 18 Oct 2016 08:29:42 +0000] [/jsos_wp/wp-admin/admin-ajax.php] [http://localhost/jsos_wp/wp-admin/upload.php?page=wp-smush-bulk] skip processing because of generic constant
[Tue, 18 Oct 2016 08:29:42 +0000] [/jsos_wp/wp-admin/plugins.php?deactivate=true&plugin_status=all&paged=1&s=] [http://localhost/jsos_wp/wp-admin/plugins.php?plugin_status=all&paged=1&s] skip processing because of generic constant
[Tue, 18 Oct 2016 08:29:43 +0000] [/jsos_wp/wp-admin/admin-ajax.php?action=wp_smushit_bulk&is_bulk_resmush=false&attachment_id=617&get_next=0&_nonce=] [http://localhost/jsos_wp/wp-admin/upload.php?page=wp-smush-bulk] skip processing because of generic constant
[Tue, 18 Oct 2016 08:29:46 +0000] [/jsos_wp/wp-admin/admin-ajax.php?action=wp_smushit_bulk&is_bulk_resmush=false&attachment_id=616&get_next=0&_nonce=] [http://localhost/jsos_wp/wp-admin/upload.php?page=wp-smush-bulk] skip processing because of generic constant
[Tue, 18 Oct 2016 08:29:50 +0000] [/jsos_wp/wp-admin/admin-ajax.php?action=wp_smushit_bulk&is_bulk_resmush=false&attachment_id=615&get_next=0&_nonce=] [http://localhost/jsos_wp/wp-admin/upload.php?page=wp-smush-bulk] skip processing because of generic constant
[Tue, 18 Oct 2016 08:29:54 +0000] [/jsos_wp/wp-admin/admin-ajax.php?action=wp_smushit_bulk&is_bulk_resmush=false&attachment_id=614&get_next=0&_nonce=] [http://localhost/jsos_wp/wp-admin/upload.php?page=wp-smush-bulk] skip processing because of generic constant
[Tue, 18 Oct 2016 08:29:57 +0000] [/jsos_wp/wp-admin/admin-ajax.php?action=wp_smushit_bulk&is_bulk_resmush=false&attachment_id=613&get_next=0&_nonce=] [http://localhost/jsos_wp/wp-admin/upload.php?page=wp-smush-bulk] skip processing because of generic constant
[Tue, 18 Oct 2016 08:30:01 +0000] [/jsos_wp/wp-admin/admin-ajax.php?action=wp_smushit_bulk&is_bulk_resmush=false&attachment_id=612&get_next=0&_nonce=] [http://localhost/jsos_wp/wp-admin/upload.php?page=wp-smush-bulk] skip processing because of generic constant
[Tue, 18 Oct 2016 08:30:06 +0000] [/jsos_wp/wp-admin/admin-ajax.php?action=wp_smushit_bulk&is_bulk_resmush=false&attachment_id=611&get_next=0&_nonce=] [http://localhost/jsos_wp/wp-admin/upload.php?page=wp-smush-bulk] skip processing because of generic constant
[Tue, 18 Oct 2016 08:30:06 +0000] [/jsos_wp/wp-admin/plugins.php?action=deactivate&plugin=social-hashtags%2Fsocial_hashtag.php&plugin_status=all&paged=1&s&_wpnonce=b973e03849] [http://localhost/jsos_wp/wp-admin/plugins.php?plugin_status=all&paged=1&s] skip processing because of generic constant
[Tue, 18 Oct 2016 08:30:09 +0000] [/jsos_wp/wp-admin/admin-ajax.php?action=wp_smushit_bulk&is_bulk_resmush=false&attachment_id=610&get_next=0&_nonce=] [http://localhost/jsos_wp/wp-admin/upload.php?page=wp-smush-bulk] skip processing because of generic constant
[Tue, 18 Oct 2016 08:30:13 +0000] [/jsos_wp/wp-admin/admin-ajax.php?action=wp_smushit_bulk&is_bulk_resmush=false&attachment_id=609&get_next=0&_nonce=] [http://localhost/jsos_wp/wp-admin/upload.php?page=wp-smush-bulk] skip processing because of generic constant
[Tue, 18 Oct 2016 08:30:13 +0000] [/jsos_wp/wp-admin/plugins.php?deactivate=true&plugin_status=all&paged=1&s=] [http://localhost/jsos_wp/wp-admin/plugins.php?plugin_status=all&paged=1&s] skip processing because of generic constant
[Tue, 18 Oct 2016 08:30:16 +0000] [/jsos_wp/wp-admin/admin-ajax.php?action=wp_smushit_bulk&is_bulk_resmush=false&attachment_id=603&get_next=0&_nonce=] [http://localhost/jsos_wp/wp-admin/upload.php?page=wp-smush-bulk] skip processing because of generic constant
[Tue, 18 Oct 2016 08:30:19 +0000] [/jsos_wp/wp-admin/admin-ajax.php?action=wp_smushit_bulk&is_bulk_resmush=false&attachment_id=602&get_next=0&_nonce=] [http://localhost/jsos_wp/wp-admin/upload.php?page=wp-smush-bulk] skip processing because of generic constant
[Tue, 18 Oct 2016 08:30:23 +0000] [/jsos_wp/wp-admin/admin-ajax.php?action=wp_smushit_bulk&is_bulk_resmush=false&attachment_id=580&get_next=0&_nonce=] [http://localhost/jsos_wp/wp-admin/upload.php?page=wp-smush-bulk] skip processing because of generic constant
[Tue, 18 Oct 2016 08:30:25 +0000] [/jsos_wp/wp-admin/admin-ajax.php] [http://localhost/jsos_wp/wp-admin/plugins.php?plugin_status=all&paged=1&s] skip processing because of generic constant
[Tue, 18 Oct 2016 08:30:27 +0000] [/jsos_wp/wp-admin/admin-ajax.php?action=wp_smushit_bulk&is_bulk_resmush=false&attachment_id=579&get_next=0&_nonce=] [http://localhost/jsos_wp/wp-admin/upload.php?page=wp-smush-bulk] skip processing because of generic constant
[Tue, 18 Oct 2016 08:30:27 +0000] [/jsos_wp/wp-admin/admin-ajax.php?action=su_vote&vote=no] [http://localhost/jsos_wp/wp-admin/plugins.php?plugin_status=all&paged=1&s] skip processing because of generic constant
[Tue, 18 Oct 2016 08:30:31 +0000] [/jsos_wp/wp-admin/admin-ajax.php?action=wp_smushit_bulk&is_bulk_resmush=false&attachment_id=578&get_next=0&_nonce=] [http://localhost/jsos_wp/wp-admin/upload.php?page=wp-smush-bulk] skip processing because of generic constant
[Tue, 18 Oct 2016 08:30:33 +0000] [/jsos_wp/wp-admin/plugin-install.php] [http://localhost/jsos_wp/wp-admin/plugins.php?plugin_status=all&paged=1&s] skip processing because of generic constant
[Tue, 18 Oct 2016 08:30:34 +0000] [/jsos_wp/wp-admin/admin-ajax.php?action=wp_smushit_bulk&is_bulk_resmush=false&attachment_id=577&get_next=0&_nonce=] [http://localhost/jsos_wp/wp-admin/upload.php?page=wp-smush-bulk] skip processing because of generic constant
[Tue, 18 Oct 2016 08:30:37 +0000] [/jsos_wp/wp-admin/admin-ajax.php?action=wp_smushit_bulk&is_bulk_resmush=false&attachment_id=576&get_next=0&_nonce=] [http://localhost/jsos_wp/wp-admin/upload.php?page=wp-smush-bulk] skip processing because of generic constant
[Tue, 18 Oct 2016 08:30:40 +0000] [/jsos_wp/wp-admin/admin-ajax.php?action=wp_smushit_bulk&is_bulk_resmush=false&attachment_id=575&get_next=0&_nonce=] [http://localhost/jsos_wp/wp-admin/upload.php?page=wp-smush-bulk] skip processing because of generic constant
[Tue, 18 Oct 2016 08:30:43 +0000] [/jsos_wp/wp-admin/plugin-install.php?tab=upload] [http://localhost/jsos_wp/wp-admin/plugin-install.php] skip processing because of generic constant
[Tue, 18 Oct 2016 08:30:44 +0000] [/jsos_wp/wp-admin/admin-ajax.php?action=wp_smushit_bulk&is_bulk_resmush=false&attachment_id=574&get_next=0&_nonce=] [http://localhost/jsos_wp/wp-admin/upload.php?page=wp-smush-bulk] skip processing because of generic constant
[Tue, 18 Oct 2016 08:30:47 +0000] [/jsos_wp/wp-admin/admin-ajax.php?action=wp_smushit_bulk&is_bulk_resmush=false&attachment_id=573&get_next=0&_nonce=] [http://localhost/jsos_wp/wp-admin/upload.php?page=wp-smush-bulk] skip processing because of generic constant
[Tue, 18 Oct 2016 08:30:51 +0000] [/jsos_wp/wp-admin/admin-ajax.php?action=wp_smushit_bulk&is_bulk_resmush=false&attachment_id=572&get_next=0&_nonce=] [http://localhost/jsos_wp/wp-admin/upload.php?page=wp-smush-bulk] skip processing because of generic constant
[Tue, 18 Oct 2016 08:30:54 +0000] [/jsos_wp/wp-admin/admin-ajax.php?action=wp_smushit_bulk&is_bulk_resmush=false&attachment_id=571&get_next=0&_nonce=] [http://localhost/jsos_wp/wp-admin/upload.php?page=wp-smush-bulk] skip processing because of generic constant
[Tue, 18 Oct 2016 08:30:58 +0000] [/jsos_wp/wp-admin/admin-ajax.php?action=wp_smushit_bulk&is_bulk_resmush=false&attachment_id=570&get_next=0&_nonce=] [http://localhost/jsos_wp/wp-admin/upload.php?page=wp-smush-bulk] skip processing because of generic constant
[Tue, 18 Oct 2016 08:30:59 +0000] [/jsos_wp/wp-admin/update.php?action=upload-plugin] [http://localhost/jsos_wp/wp-admin/plugin-install.php?tab=upload] skip processing because of generic constant
[Tue, 18 Oct 2016 08:31:02 +0000] [/jsos_wp/wp-admin/admin-ajax.php?action=wp_smushit_bulk&is_bulk_resmush=false&attachment_id=569&get_next=0&_nonce=] [http://localhost/jsos_wp/wp-admin/upload.php?page=wp-smush-bulk] skip processing because of generic constant
[Tue, 18 Oct 2016 08:31:05 +0000] [/jsos_wp/wp-admin/admin-ajax.php?action=wp_smushit_bulk&is_bulk_resmush=false&attachment_id=568&get_next=0&_nonce=] [http://localhost/jsos_wp/wp-admin/upload.php?page=wp-smush-bulk] skip processing because of generic constant
[Tue, 18 Oct 2016 08:31:09 +0000] [/jsos_wp/wp-admin/admin-ajax.php?action=wp_smushit_bulk&is_bulk_resmush=false&attachment_id=567&get_next=0&_nonce=] [http://localhost/jsos_wp/wp-admin/upload.php?page=wp-smush-bulk] skip processing because of generic constant
[Tue, 18 Oct 2016 08:31:11 +0000] [/jsos_wp/wp-admin/plugins.php?action=activate&plugin=wp-dbmanager%2Fwp-dbmanager.php&_wpnonce=f304e6ba4d] [http://localhost/jsos_wp/wp-admin/update.php?action=upload-plugin] skip processing because of generic constant
[Tue, 18 Oct 2016 08:31:12 +0000] [/jsos_wp/wp-admin/admin-ajax.php?action=wp_smushit_bulk&is_bulk_resmush=false&attachment_id=566&get_next=0&_nonce=] [http://localhost/jsos_wp/wp-admin/upload.php?page=wp-smush-bulk] skip processing because of generic constant
[Tue, 18 Oct 2016 08:31:15 +0000] [/jsos_wp/wp-admin/admin-ajax.php?action=wp_smushit_bulk&is_bulk_resmush=false&attachment_id=565&get_next=0&_nonce=] [http://localhost/jsos_wp/wp-admin/upload.php?page=wp-smush-bulk] skip processing because of generic constant
[Tue, 18 Oct 2016 08:31:18 +0000] [/jsos_wp/wp-admin/plugins.php?activate=true&plugin_status=all&paged=1&s=] [http://localhost/jsos_wp/wp-admin/update.php?action=upload-plugin] skip processing because of generic constant
[Tue, 18 Oct 2016 08:31:19 +0000] [/jsos_wp/wp-admin/admin-ajax.php?action=wp_smushit_bulk&is_bulk_resmush=false&attachment_id=564&get_next=0&_nonce=] [http://localhost/jsos_wp/wp-admin/upload.php?page=wp-smush-bulk] skip processing because of generic constant
[Tue, 18 Oct 2016 08:31:22 +0000] [/jsos_wp/wp-admin/admin-ajax.php?action=wp_smushit_bulk&is_bulk_resmush=false&attachment_id=563&get_next=0&_nonce=] [http://localhost/jsos_wp/wp-admin/upload.php?page=wp-smush-bulk] skip processing because of generic constant
[Tue, 18 Oct 2016 08:31:28 +0000] [/jsos_wp/wp-admin/admin-ajax.php?action=wp_smushit_bulk&is_bulk_resmush=false&attachment_id=562&get_next=0&_nonce=] [http://localhost/jsos_wp/wp-admin/upload.php?page=wp-smush-bulk] skip processing because of generic constant
[Tue, 18 Oct 2016 08:31:32 +0000] [/jsos_wp/wp-admin/admin-ajax.php?action=wp_smushit_bulk&is_bulk_resmush=false&attachment_id=561&get_next=0&_nonce=] [http://localhost/jsos_wp/wp-admin/upload.php?page=wp-smush-bulk] skip processing because of generic constant
[Tue, 18 Oct 2016 08:31:35 +0000] [/jsos_wp/wp-admin/admin-ajax.php?action=wp_smushit_bulk&is_bulk_resmush=false&attachment_id=560&get_next=0&_nonce=] [http://localhost/jsos_wp/wp-admin/upload.php?page=wp-smush-bulk] skip processing because of generic constant
[Tue, 18 Oct 2016 08:31:38 +0000] [/jsos_wp/wp-admin/admin-ajax.php?action=wp_smushit_bulk&is_bulk_resmush=false&attachment_id=546&get_next=0&_nonce=] [http://localhost/jsos_wp/wp-admin/upload.php?page=wp-smush-bulk] skip processing because of generic constant
[Tue, 18 Oct 2016 08:31:42 +0000] [/jsos_wp/wp-admin/admin-ajax.php?action=wp_smushit_bulk&is_bulk_resmush=false&attachment_id=545&get_next=0&_nonce=] [http://localhost/jsos_wp/wp-admin/upload.php?page=wp-smush-bulk] skip processing because of generic constant
[Tue, 18 Oct 2016 08:31:43 +0000] [/jsos_wp/wp-admin/admin-ajax.php] [http://localhost/jsos_wp/wp-admin/upload.php?page=wp-smush-bulk] skip processing because of generic constant
[Tue, 18 Oct 2016 08:31:45 +0000] [/jsos_wp/wp-admin/admin-ajax.php?action=wp_smushit_bulk&is_bulk_resmush=false&attachment_id=544&get_next=0&_nonce=] [http://localhost/jsos_wp/wp-admin/upload.php?page=wp-smush-bulk] skip processing because of generic constant
[Tue, 18 Oct 2016 08:31:49 +0000] [/jsos_wp/wp-admin/admin-ajax.php?action=wp_smushit_bulk&is_bulk_resmush=false&attachment_id=543&get_next=0&_nonce=] [http://localhost/jsos_wp/wp-admin/upload.php?page=wp-smush-bulk] skip processing because of generic constant
[Tue, 18 Oct 2016 08:31:52 +0000] [/jsos_wp/wp-admin/admin-ajax.php?action=wp_smushit_bulk&is_bulk_resmush=false&attachment_id=542&get_next=0&_nonce=] [http://localhost/jsos_wp/wp-admin/upload.php?page=wp-smush-bulk] skip processing because of generic constant
[Tue, 18 Oct 2016 08:31:56 +0000] [/jsos_wp/wp-admin/admin-ajax.php?action=wp_smushit_bulk&is_bulk_resmush=false&attachment_id=541&get_next=0&_nonce=] [http://localhost/jsos_wp/wp-admin/upload.php?page=wp-smush-bulk] skip processing because of generic constant
[Tue, 18 Oct 2016 08:31:59 +0000] [/jsos_wp/wp-admin/admin-ajax.php?action=wp_smushit_bulk&is_bulk_resmush=false&attachment_id=540&get_next=0&_nonce=] [http://localhost/jsos_wp/wp-admin/upload.php?page=wp-smush-bulk] skip processing because of generic constant
[Tue, 18 Oct 2016 08:32:02 +0000] [/jsos_wp/wp-admin/plugin-editor.php?file=wp-dbmanager/wp-dbmanager.php] [http://localhost/jsos_wp/wp-admin/plugins.php?plugin_status=all&paged=1&s] skip processing because of generic constant
[Tue, 18 Oct 2016 08:32:02 +0000] [/jsos_wp/wp-admin/admin-ajax.php?action=wp_smushit_bulk&is_bulk_resmush=false&attachment_id=539&get_next=0&_nonce=] [http://localhost/jsos_wp/wp-admin/upload.php?page=wp-smush-bulk] skip processing because of generic constant
[Tue, 18 Oct 2016 08:32:06 +0000] [/jsos_wp/wp-admin/admin-ajax.php?action=wp_smushit_bulk&is_bulk_resmush=false&attachment_id=538&get_next=0&_nonce=] [http://localhost/jsos_wp/wp-admin/upload.php?page=wp-smush-bulk] skip processing because of generic constant
[Tue, 18 Oct 2016 08:32:10 +0000] [/jsos_wp/wp-admin/admin-ajax.php?action=wp_smushit_bulk&is_bulk_resmush=false&attachment_id=537&get_next=0&_nonce=] [http://localhost/jsos_wp/wp-admin/upload.php?page=wp-smush-bulk] skip processing because of generic constant
[Tue, 18 Oct 2016 08:32:13 +0000] [/jsos_wp/wp-admin/admin-ajax.php?action=wp_smushit_bulk&is_bulk_resmush=false&attachment_id=536&get_next=0&_nonce=] [http://localhost/jsos_wp/wp-admin/upload.php?page=wp-smush-bulk] skip processing because of generic constant
[Tue, 18 Oct 2016 08:32:16 +0000] [/jsos_wp/wp-admin/admin.php?page=wp-dbmanager/database-manager.php] [http://localhost/jsos_wp/wp-admin/plugin-editor.php?file=wp-dbmanager%2Fwp-dbmanager.php] skip processing because of generic constant
[Tue, 18 Oct 2016 08:32:17 +0000] [/jsos_wp/wp-admin/admin-ajax.php?action=wp_smushit_bulk&is_bulk_resmush=false&attachment_id=535&get_next=0&_nonce=] [http://localhost/jsos_wp/wp-admin/upload.php?page=wp-smush-bulk] skip processing because of generic constant
[Tue, 18 Oct 2016 08:32:20 +0000] [/jsos_wp/wp-admin/admin-ajax.php?action=wp_smushit_bulk&is_bulk_resmush=false&attachment_id=534&get_next=0&_nonce=] [http://localhost/jsos_wp/wp-admin/upload.php?page=wp-smush-bulk] skip processing because of generic constant
[Tue, 18 Oct 2016 08:32:23 +0000] [/jsos_wp/wp-admin/admin-ajax.php?action=wp_smushit_bulk&is_bulk_resmush=false&attachment_id=533&get_next=0&_nonce=] [http://localhost/jsos_wp/wp-admin/upload.php?page=wp-smush-bulk] skip processing because of generic constant
[Tue, 18 Oct 2016 08:32:27 +0000] [/jsos_wp/wp-admin/admin-ajax.php?action=wp_smushit_bulk&is_bulk_resmush=false&attachment_id=532&get_next=0&_nonce=] [http://localhost/jsos_wp/wp-admin/upload.php?page=wp-smush-bulk] skip processing because of generic constant
[Tue, 18 Oct 2016 08:32:30 +0000] [/jsos_wp/wp-admin/admin-ajax.php?action=wp_smushit_bulk&is_bulk_resmush=false&attachment_id=531&get_next=0&_nonce=] [http://localhost/jsos_wp/wp-admin/upload.php?page=wp-smush-bulk] skip processing because of generic constant
[Tue, 18 Oct 2016 08:32:31 +0000] [/jsos_wp/wp-admin/admin.php?page=wp-dbmanager/database-backup.php] [http://localhost/jsos_wp/wp-admin/admin.php?page=wp-dbmanager%2Fdatabase-manager.php] skip processing because of generic constant
[Tue, 18 Oct 2016 08:32:34 +0000] [/jsos_wp/wp-admin/admin-ajax.php?action=wp_smushit_bulk&is_bulk_resmush=false&attachment_id=530&get_next=0&_nonce=] [http://localhost/jsos_wp/wp-admin/upload.php?page=wp-smush-bulk] skip processing because of generic constant
[Tue, 18 Oct 2016 08:32:37 +0000] [/jsos_wp/wp-admin/admin-ajax.php?action=wp_smushit_bulk&is_bulk_resmush=false&attachment_id=529&get_next=0&_nonce=] [http://localhost/jsos_wp/wp-admin/upload.php?page=wp-smush-bulk] skip processing because of generic constant
[Tue, 18 Oct 2016 08:32:41 +0000] [/jsos_wp/wp-admin/admin-ajax.php?action=wp_smushit_bulk&is_bulk_resmush=false&attachment_id=528&get_next=0&_nonce=] [http://localhost/jsos_wp/wp-admin/upload.php?page=wp-smush-bulk] skip processing because of generic constant
[Tue, 18 Oct 2016 08:32:44 +0000] [/jsos_wp/wp-admin/admin-ajax.php?action=wp_smushit_bulk&is_bulk_resmush=false&attachment_id=527&get_next=0&_nonce=] [http://localhost/jsos_wp/wp-admin/upload.php?page=wp-smush-bulk] skip processing because of generic constant
[Tue, 18 Oct 2016 08:32:44 +0000] [/jsos_wp/wp-admin/admin-ajax.php] [http://localhost/jsos_wp/wp-admin/upload.php?page=wp-smush-bulk] skip processing because of generic constant
[Tue, 18 Oct 2016 08:32:47 +0000] [/jsos_wp/wp-admin/admin-ajax.php?action=wp_smushit_bulk&is_bulk_resmush=false&attachment_id=526&get_next=0&_nonce=] [http://localhost/jsos_wp/wp-admin/upload.php?page=wp-smush-bulk] skip processing because of generic constant
[Tue, 18 Oct 2016 08:32:50 +0000] [/jsos_wp/wp-admin/admin-ajax.php?action=wp_smushit_bulk&is_bulk_resmush=false&attachment_id=525&get_next=0&_nonce=] [http://localhost/jsos_wp/wp-admin/upload.php?page=wp-smush-bulk] skip processing because of generic constant
[Tue, 18 Oct 2016 08:32:51 +0000] [/jsos_wp/wp-admin/admin.php?page=wp-dbmanager/database-backup.php] [http://localhost/jsos_wp/wp-admin/admin.php?page=wp-dbmanager%2Fdatabase-backup.php] skip processing because of generic constant
[Tue, 18 Oct 2016 08:32:54 +0000] [/jsos_wp/wp-admin/admin-ajax.php?action=wp_smushit_bulk&is_bulk_resmush=false&attachment_id=524&get_next=0&_nonce=] [http://localhost/jsos_wp/wp-admin/upload.php?page=wp-smush-bulk] skip processing because of generic constant
[Tue, 18 Oct 2016 08:32:57 +0000] [/jsos_wp/wp-admin/admin-ajax.php?action=wp_smushit_bulk&is_bulk_resmush=false&attachment_id=523&get_next=0&_nonce=] [http://localhost/jsos_wp/wp-admin/upload.php?page=wp-smush-bulk] skip processing because of generic constant
[Tue, 18 Oct 2016 08:33:01 +0000] [/jsos_wp/wp-admin/admin-ajax.php?action=wp_smushit_bulk&is_bulk_resmush=false&attachment_id=518&get_next=0&_nonce=] [http://localhost/jsos_wp/wp-admin/upload.php?page=wp-smush-bulk] skip processing because of generic constant
[Tue, 18 Oct 2016 08:33:02 +0000] [/jsos_wp/wp-admin/admin.php?page=wp-dbmanager/database-backup.php] [http://localhost/jsos_wp/wp-admin/admin.php?page=wp-dbmanager%2Fdatabase-backup.php] skip processing because of generic constant
[Tue, 18 Oct 2016 08:33:04 +0000] [/jsos_wp/wp-admin/admin-ajax.php?action=wp_smushit_bulk&is_bulk_resmush=false&attachment_id=517&get_next=0&_nonce=] [http://localhost/jsos_wp/wp-admin/upload.php?page=wp-smush-bulk] skip processing because of generic constant
[Tue, 18 Oct 2016 08:33:07 +0000] [/jsos_wp/wp-admin/admin-ajax.php?action=wp_smushit_bulk&is_bulk_resmush=false&attachment_id=516&get_next=0&_nonce=] [http://localhost/jsos_wp/wp-admin/upload.php?page=wp-smush-bulk] skip processing because of generic constant
[Tue, 18 Oct 2016 08:33:11 +0000] [/jsos_wp/wp-admin/admin-ajax.php?action=wp_smushit_bulk&is_bulk_resmush=false&attachment_id=515&get_next=0&_nonce=] [http://localhost/jsos_wp/wp-admin/upload.php?page=wp-smush-bulk] skip processing because of generic constant
[Tue, 18 Oct 2016 08:33:15 +0000] [/jsos_wp/wp-admin/admin-ajax.php?action=wp_smushit_bulk&is_bulk_resmush=false&attachment_id=514&get_next=0&_nonce=] [http://localhost/jsos_wp/wp-admin/upload.php?page=wp-smush-bulk] skip processing because of generic constant
[Tue, 18 Oct 2016 08:33:18 +0000] [/jsos_wp/wp-admin/admin.php?page=wp-dbmanager/database-manage.php] [http://localhost/jsos_wp/wp-admin/admin.php?page=wp-dbmanager%2Fdatabase-backup.php] skip processing because of generic constant
[Tue, 18 Oct 2016 08:33:18 +0000] [/jsos_wp/wp-admin/admin-ajax.php?action=wp_smushit_bulk&is_bulk_resmush=false&attachment_id=513&get_next=0&_nonce=] [http://localhost/jsos_wp/wp-admin/upload.php?page=wp-smush-bulk] skip processing because of generic constant
[Tue, 18 Oct 2016 08:33:21 +0000] [/jsos_wp/wp-admin/admin-ajax.php?action=wp_smushit_bulk&is_bulk_resmush=false&attachment_id=512&get_next=0&_nonce=] [http://localhost/jsos_wp/wp-admin/upload.php?page=wp-smush-bulk] skip processing because of generic constant
[Tue, 18 Oct 2016 08:33:25 +0000] [/jsos_wp/wp-admin/admin-ajax.php?action=wp_smushit_bulk&is_bulk_resmush=false&attachment_id=511&get_next=0&_nonce=] [http://localhost/jsos_wp/wp-admin/upload.php?page=wp-smush-bulk] skip processing because of generic constant
[Tue, 18 Oct 2016 08:33:28 +0000] [/jsos_wp/wp-admin/admin-ajax.php?action=wp_smushit_bulk&is_bulk_resmush=false&attachment_id=510&get_next=0&_nonce=] [http://localhost/jsos_wp/wp-admin/upload.php?page=wp-smush-bulk] skip processing because of generic constant
[Tue, 18 Oct 2016 08:33:29 +0000] [/jsos_wp/wp-admin/admin.php?page=wp-dbmanager/database-optimize.php] [http://localhost/jsos_wp/wp-admin/admin.php?page=wp-dbmanager%2Fdatabase-manage.php] skip processing because of generic constant
[Tue, 18 Oct 2016 08:33:32 +0000] [/jsos_wp/wp-admin/admin-ajax.php?action=wp_smushit_bulk&is_bulk_resmush=false&attachment_id=509&get_next=0&_nonce=] [http://localhost/jsos_wp/wp-admin/upload.php?page=wp-smush-bulk] skip processing because of generic constant
[Tue, 18 Oct 2016 08:33:35 +0000] [/jsos_wp/wp-admin/admin-ajax.php?action=wp_smushit_bulk&is_bulk_resmush=false&attachment_id=508&get_next=0&_nonce=] [http://localhost/jsos_wp/wp-admin/upload.php?page=wp-smush-bulk] skip processing because of generic constant
[Tue, 18 Oct 2016 08:33:38 +0000] [/jsos_wp/wp-admin/admin-ajax.php?action=wp_smushit_bulk&is_bulk_resmush=false&attachment_id=507&get_next=0&_nonce=] [http://localhost/jsos_wp/wp-admin/upload.php?page=wp-smush-bulk] skip processing because of generic constant
[Tue, 18 Oct 2016 08:33:38 +0000] [/jsos_wp/wp-admin/admin.php?page=wp-dbmanager/database-optimize.php] [http://localhost/jsos_wp/wp-admin/admin.php?page=wp-dbmanager%2Fdatabase-optimize.php] skip processing because of generic constant
[Tue, 18 Oct 2016 08:33:41 +0000] [/jsos_wp/wp-admin/admin-ajax.php?action=wp_smushit_bulk&is_bulk_resmush=false&attachment_id=506&get_next=0&_nonce=] [http://localhost/jsos_wp/wp-admin/upload.php?page=wp-smush-bulk] skip processing because of generic constant
[Tue, 18 Oct 2016 08:33:45 +0000] [/jsos_wp/wp-admin/admin-ajax.php?action=wp_smushit_bulk&is_bulk_resmush=false&attachment_id=505&get_next=0&_nonce=] [http://localhost/jsos_wp/wp-admin/upload.php?page=wp-smush-bulk] skip processing because of generic constant
[Tue, 18 Oct 2016 08:33:48 +0000] [/jsos_wp/wp-admin/admin-ajax.php?action=wp_smushit_bulk&is_bulk_resmush=false&attachment_id=504&get_next=0&_nonce=] [http://localhost/jsos_wp/wp-admin/upload.php?page=wp-smush-bulk] skip processing because of generic constant
[Tue, 18 Oct 2016 08:33:52 +0000] [/jsos_wp/wp-admin/admin-ajax.php?action=wp_smushit_bulk&is_bulk_resmush=false&attachment_id=503&get_next=0&_nonce=] [http://localhost/jsos_wp/wp-admin/upload.php?page=wp-smush-bulk] skip processing because of generic constant
[Tue, 18 Oct 2016 08:33:56 +0000] [/jsos_wp/wp-admin/admin-ajax.php?action=wp_smushit_bulk&is_bulk_resmush=false&attachment_id=502&get_next=0&_nonce=] [http://localhost/jsos_wp/wp-admin/upload.php?page=wp-smush-bulk] skip processing because of generic constant
[Tue, 18 Oct 2016 08:33:59 +0000] [/jsos_wp/wp-admin/admin-ajax.php?action=wp_smushit_bulk&is_bulk_resmush=false&attachment_id=501&get_next=0&_nonce=] [http://localhost/jsos_wp/wp-admin/upload.php?page=wp-smush-bulk] skip processing because of generic constant
[Tue, 18 Oct 2016 08:34:03 +0000] [/jsos_wp/wp-admin/admin-ajax.php?action=wp_smushit_bulk&is_bulk_resmush=false&attachment_id=500&get_next=0&_nonce=] [http://localhost/jsos_wp/wp-admin/upload.php?page=wp-smush-bulk] skip processing because of generic constant
[Tue, 18 Oct 2016 08:34:10 +0000] [/jsos_wp/wp-admin/admin-ajax.php?action=wp_smushit_bulk&is_bulk_resmush=false&attachment_id=499&get_next=0&_nonce=] [http://localhost/jsos_wp/wp-admin/upload.php?page=wp-smush-bulk] skip processing because of generic constant
[Tue, 18 Oct 2016 08:34:17 +0000] [/jsos_wp/wp-admin/admin-ajax.php?action=wp_smushit_bulk&is_bulk_resmush=false&attachment_id=498&get_next=0&_nonce=] [http://localhost/jsos_wp/wp-admin/upload.php?page=wp-smush-bulk] skip processing because of generic constant
[Tue, 18 Oct 2016 08:34:17 +0000] [/jsos_wp/wp-cron.php?doing_wp_cron=1476779657.7650430202484130859375] [http://localhost/jsos_wp/wp-cron.php?doing_wp_cron=1476779657.7650430202484130859375] skip processing because of generic constant
[Tue, 18 Oct 2016 08:34:21 +0000] [/jsos_wp/wp-admin/admin-ajax.php?action=wp_smushit_bulk&is_bulk_resmush=false&attachment_id=497&get_next=0&_nonce=] [http://localhost/jsos_wp/wp-admin/upload.php?page=wp-smush-bulk] skip processing because of generic constant
[Tue, 18 Oct 2016 08:34:24 +0000] [/jsos_wp/wp-admin/admin-ajax.php?action=wp_smushit_bulk&is_bulk_resmush=false&attachment_id=496&get_next=0&_nonce=] [http://localhost/jsos_wp/wp-admin/upload.php?page=wp-smush-bulk] skip processing because of generic constant
[Tue, 18 Oct 2016 08:34:25 +0000] [/jsos_wp/] [-] start, can_cache: false
[Tue, 18 Oct 2016 08:34:28 +0000] [/jsos_wp/wp-admin/admin-ajax.php?action=wp_smushit_bulk&is_bulk_resmush=false&attachment_id=495&get_next=0&_nonce=] [http://localhost/jsos_wp/wp-admin/upload.php?page=wp-smush-bulk] skip processing because of generic constant
[Tue, 18 Oct 2016 08:34:30 +0000] [/jsos_wp/] [-] start, can_cache: false
[Tue, 18 Oct 2016 08:34:30 +0000] [/jsos_wp/] [-] storing cached page: false original false reason User is logged in
[Tue, 18 Oct 2016 08:34:32 +0000] [/jsos_wp/wp-admin/admin-ajax.php?action=wp_smushit_bulk&is_bulk_resmush=false&attachment_id=494&get_next=0&_nonce=] [http://localhost/jsos_wp/wp-admin/upload.php?page=wp-smush-bulk] skip processing because of generic constant
[Tue, 18 Oct 2016 08:34:35 +0000] [/jsos_wp/] [-] storing cached page: false original false reason User is logged in
[Tue, 18 Oct 2016 08:34:35 +0000] [/jsos_wp/wp-content/cache/minify/12fe4.css] [http://localhost/jsos_wp/] start, can_cache: false
[Tue, 18 Oct 2016 08:34:35 +0000] [/jsos_wp/wp-content/cache/minify/8f728.js] [http://localhost/jsos_wp/] start, can_cache: false
[Tue, 18 Oct 2016 08:34:35 +0000] [/jsos_wp/wp-content/cache/minify/b2f27.js] [http://localhost/jsos_wp/] start, can_cache: false
[Tue, 18 Oct 2016 08:34:35 +0000] [/jsos_wp/wp-content/cache/minify/fc213.js] [http://localhost/jsos_wp/] start, can_cache: false
[Tue, 18 Oct 2016 08:34:36 +0000] [/jsos_wp/wp-content/cache/minify/fc213.js] [http://localhost/jsos_wp/] storing cached page - not a cached content
[Tue, 18 Oct 2016 08:34:36 +0000] [/jsos_wp/wp-content/cache/minify/b2f27.js] [http://localhost/jsos_wp/] storing cached page - not a cached content
[Tue, 18 Oct 2016 08:34:36 +0000] [/jsos_wp/wp-content/cache/minify/8f728.js] [http://localhost/jsos_wp/] storing cached page - not a cached content
[Tue, 18 Oct 2016 08:34:36 +0000] [/jsos_wp/wp-admin/admin-ajax.php?action=wp_smushit_bulk&is_bulk_resmush=false&attachment_id=493&get_next=0&_nonce=] [http://localhost/jsos_wp/wp-admin/upload.php?page=wp-smush-bulk] skip processing because of generic constant
[Tue, 18 Oct 2016 08:34:36 +0000] [/jsos_wp/wp-content/cache/minify/530c3.js] [http://localhost/jsos_wp/] start, can_cache: false
[Tue, 18 Oct 2016 08:34:37 +0000] [/jsos_wp/wp-content/cache/minify/12fe4.css] [http://localhost/jsos_wp/] storing cached page - not a cached content
[Tue, 18 Oct 2016 08:34:37 +0000] [/jsos_wp/wp-content/cache/minify/530c3.js] [http://localhost/jsos_wp/] storing cached page - not a cached content
[Tue, 18 Oct 2016 08:34:37 +0000] [/jsos_wp/wp-content/cache/minify/a37bb.js] [http://localhost/jsos_wp/] start, can_cache: false
[Tue, 18 Oct 2016 08:34:37 +0000] [/jsos_wp/wp-content/cache/minify/6dde0.js] [http://localhost/jsos_wp/] start, can_cache: false
[Tue, 18 Oct 2016 08:34:38 +0000] [/jsos_wp/wp-content/cache/minify/6dde0.js] [http://localhost/jsos_wp/] storing cached page - not a cached content
[Tue, 18 Oct 2016 08:34:38 +0000] [/jsos_wp/wp-content/cache/minify/a37bb.js] [http://localhost/jsos_wp/] storing cached page - not a cached content
[Tue, 18 Oct 2016 08:34:38 +0000] [/jsos_wp/wp-admin/admin-ajax.php?action=w3tc_monitoring_score&81e2c1cbd29d49f778306ef316e32bf4] [http://localhost/jsos_wp/] skip processing because of generic constant
[Tue, 18 Oct 2016 08:34:43 +0000] [/jsos_wp/wp-admin/admin-ajax.php?action=wp_smushit_bulk&is_bulk_resmush=false&attachment_id=489&get_next=0&_nonce=] [http://localhost/jsos_wp/wp-admin/upload.php?page=wp-smush-bulk] skip processing because of generic constant
[Tue, 18 Oct 2016 08:34:44 +0000] [/jsos_wp/wp-admin/admin-ajax.php] [http://localhost/jsos_wp/wp-admin/upload.php?page=wp-smush-bulk] skip processing because of generic constant
[Tue, 18 Oct 2016 08:34:46 +0000] [/jsos_wp/wp-admin/admin-ajax.php?action=wp_smushit_bulk&is_bulk_resmush=false&attachment_id=488&get_next=0&_nonce=] [http://localhost/jsos_wp/wp-admin/upload.php?page=wp-smush-bulk] skip processing because of generic constant
[Tue, 18 Oct 2016 08:34:50 +0000] [/jsos_wp/wp-admin/admin-ajax.php?action=wp_smushit_bulk&is_bulk_resmush=false&attachment_id=487&get_next=0&_nonce=] [http://localhost/jsos_wp/wp-admin/upload.php?page=wp-smush-bulk] skip processing because of generic constant
[Tue, 18 Oct 2016 08:34:53 +0000] [/jsos_wp/wp-admin/admin-ajax.php?action=wp_smushit_bulk&is_bulk_resmush=false&attachment_id=486&get_next=0&_nonce=] [http://localhost/jsos_wp/wp-admin/upload.php?page=wp-smush-bulk] skip processing because of generic constant
[Tue, 18 Oct 2016 08:34:54 +0000] [/jsos_wp/wp-admin/admin-ajax.php] [http://localhost/jsos_wp/wp-admin/admin.php?page=wp-dbmanager%2Fdatabase-optimize.php] skip processing because of generic constant
[Tue, 18 Oct 2016 08:34:56 +0000] [/jsos_wp/wp-admin/admin-ajax.php?action=wp_smushit_bulk&is_bulk_resmush=false&attachment_id=485&get_next=0&_nonce=] [http://localhost/jsos_wp/wp-admin/upload.php?page=wp-smush-bulk] skip processing because of generic constant
[Tue, 18 Oct 2016 08:35:00 +0000] [/jsos_wp/wp-admin/admin-ajax.php?action=wp_smushit_bulk&is_bulk_resmush=false&attachment_id=484&get_next=0&_nonce=] [http://localhost/jsos_wp/wp-admin/upload.php?page=wp-smush-bulk] skip processing because of generic constant
[Tue, 18 Oct 2016 08:35:03 +0000] [/jsos_wp/wp-admin/admin-ajax.php?action=wp_smushit_bulk&is_bulk_resmush=false&attachment_id=483&get_next=0&_nonce=] [http://localhost/jsos_wp/wp-admin/upload.php?page=wp-smush-bulk] skip processing because of generic constant
[Tue, 18 Oct 2016 08:35:07 +0000] [/jsos_wp/wp-admin/admin-ajax.php?action=wp_smushit_bulk&is_bulk_resmush=false&attachment_id=482&get_next=0&_nonce=] [http://localhost/jsos_wp/wp-admin/upload.php?page=wp-smush-bulk] skip processing because of generic constant
[Tue, 18 Oct 2016 08:35:10 +0000] [/jsos_wp/wp-admin/admin-ajax.php?action=wp_smushit_bulk&is_bulk_resmush=false&attachment_id=481&get_next=0&_nonce=] [http://localhost/jsos_wp/wp-admin/upload.php?page=wp-smush-bulk] skip processing because of generic constant
[Tue, 18 Oct 2016 08:35:14 +0000] [/jsos_wp/wp-admin/admin-ajax.php?action=wp_smushit_bulk&is_bulk_resmush=false&attachment_id=480&get_next=0&_nonce=] [http://localhost/jsos_wp/wp-admin/upload.php?page=wp-smush-bulk] skip processing because of generic constant
[Tue, 18 Oct 2016 08:35:17 +0000] [/jsos_wp/wp-admin/admin-ajax.php?action=wp_smushit_bulk&is_bulk_resmush=false&attachment_id=479&get_next=0&_nonce=] [http://localhost/jsos_wp/wp-admin/upload.php?page=wp-smush-bulk] skip processing because of generic constant
[Tue, 18 Oct 2016 08:35:20 +0000] [/jsos_wp/wp-admin/admin-ajax.php?action=wp_smushit_bulk&is_bulk_resmush=false&attachment_id=478&get_next=0&_nonce=] [http://localhost/jsos_wp/wp-admin/upload.php?page=wp-smush-bulk] skip processing because of generic constant
[Tue, 18 Oct 2016 08:35:24 +0000] [/jsos_wp/wp-admin/admin-ajax.php?action=wp_smushit_bulk&is_bulk_resmush=false&attachment_id=477&get_next=0&_nonce=] [http://localhost/jsos_wp/wp-admin/upload.php?page=wp-smush-bulk] skip processing because of generic constant
[Tue, 18 Oct 2016 08:35:27 +0000] [/jsos_wp/wp-admin/admin-ajax.php?action=wp_smushit_bulk&is_bulk_resmush=false&attachment_id=476&get_next=0&_nonce=] [http://localhost/jsos_wp/wp-admin/upload.php?page=wp-smush-bulk] skip processing because of generic constant
[Tue, 18 Oct 2016 08:35:30 +0000] [/jsos_wp/wp-admin/admin-ajax.php?action=wp_smushit_bulk&is_bulk_resmush=false&attachment_id=475&get_next=0&_nonce=] [http://localhost/jsos_wp/wp-admin/upload.php?page=wp-smush-bulk] skip processing because of generic constant
[Tue, 18 Oct 2016 08:35:33 +0000] [/jsos_wp/wp-admin/admin-ajax.php?action=wp_smushit_bulk&is_bulk_resmush=false&attachment_id=474&get_next=0&_nonce=] [http://localhost/jsos_wp/wp-admin/upload.php?page=wp-smush-bulk] skip processing because of generic constant
[Tue, 18 Oct 2016 08:35:37 +0000] [/jsos_wp/wp-admin/admin-ajax.php?action=wp_smushit_bulk&is_bulk_resmush=false&attachment_id=473&get_next=0&_nonce=] [http://localhost/jsos_wp/wp-admin/upload.php?page=wp-smush-bulk] skip processing because of generic constant
[Tue, 18 Oct 2016 08:35:40 +0000] [/jsos_wp/wp-admin/admin-ajax.php?action=wp_smushit_bulk&is_bulk_resmush=false&attachment_id=472&get_next=0&_nonce=] [http://localhost/jsos_wp/wp-admin/upload.php?page=wp-smush-bulk] skip processing because of generic constant
[Tue, 18 Oct 2016 08:35:43 +0000] [/jsos_wp/wp-admin/admin-ajax.php?action=wp_smushit_bulk&is_bulk_resmush=false&attachment_id=471&get_next=0&_nonce=] [http://localhost/jsos_wp/wp-admin/upload.php?page=wp-smush-bulk] skip processing because of generic constant
[Tue, 18 Oct 2016 08:35:46 +0000] [/jsos_wp/wp-admin/admin-ajax.php?action=wp_smushit_bulk&is_bulk_resmush=false&attachment_id=470&get_next=0&_nonce=] [http://localhost/jsos_wp/wp-admin/upload.php?page=wp-smush-bulk] skip processing because of generic constant
[Tue, 18 Oct 2016 08:35:50 +0000] [/jsos_wp/wp-admin/admin-ajax.php?action=wp_smushit_bulk&is_bulk_resmush=false&attachment_id=469&get_next=0&_nonce=] [http://localhost/jsos_wp/wp-admin/upload.php?page=wp-smush-bulk] skip processing because of generic constant
[Tue, 18 Oct 2016 08:35:53 +0000] [/jsos_wp/wp-admin/admin-ajax.php?action=wp_smushit_bulk&is_bulk_resmush=false&attachment_id=468&get_next=0&_nonce=] [http://localhost/jsos_wp/wp-admin/upload.php?page=wp-smush-bulk] skip processing because of generic constant
[Tue, 18 Oct 2016 08:35:56 +0000] [/jsos_wp/wp-admin/admin-ajax.php?action=wp_smushit_bulk&is_bulk_resmush=false&attachment_id=467&get_next=0&_nonce=] [http://localhost/jsos_wp/wp-admin/upload.php?page=wp-smush-bulk] skip processing because of generic constant
[Tue, 18 Oct 2016 08:35:59 +0000] [/jsos_wp/wp-admin/admin-ajax.php?action=wp_smushit_bulk&is_bulk_resmush=false&attachment_id=466&get_next=0&_nonce=] [http://localhost/jsos_wp/wp-admin/upload.php?page=wp-smush-bulk] skip processing because of generic constant
[Tue, 18 Oct 2016 08:36:03 +0000] [/jsos_wp/wp-admin/admin-ajax.php?action=wp_smushit_bulk&is_bulk_resmush=false&attachment_id=465&get_next=0&_nonce=] [http://localhost/jsos_wp/wp-admin/upload.php?page=wp-smush-bulk] skip processing because of generic constant
[Tue, 18 Oct 2016 08:36:06 +0000] [/jsos_wp/wp-admin/admin-ajax.php?action=wp_smushit_bulk&is_bulk_resmush=false&attachment_id=464&get_next=0&_nonce=] [http://localhost/jsos_wp/wp-admin/upload.php?page=wp-smush-bulk] skip processing because of generic constant
[Tue, 18 Oct 2016 08:36:09 +0000] [/jsos_wp/wp-admin/admin-ajax.php?action=wp_smushit_bulk&is_bulk_resmush=false&attachment_id=463&get_next=0&_nonce=] [http://localhost/jsos_wp/wp-admin/upload.php?page=wp-smush-bulk] skip processing because of generic constant
[Tue, 18 Oct 2016 08:36:13 +0000] [/jsos_wp/wp-admin/admin-ajax.php?action=wp_smushit_bulk&is_bulk_resmush=false&attachment_id=437&get_next=0&_nonce=] [http://localhost/jsos_wp/wp-admin/upload.php?page=wp-smush-bulk] skip processing because of generic constant
[Tue, 18 Oct 2016 08:36:16 +0000] [/jsos_wp/wp-admin/admin-ajax.php?action=wp_smushit_bulk&is_bulk_resmush=false&attachment_id=436&get_next=0&_nonce=] [http://localhost/jsos_wp/wp-admin/upload.php?page=wp-smush-bulk] skip processing because of generic constant
[Tue, 18 Oct 2016 08:36:19 +0000] [/jsos_wp/wp-admin/admin-ajax.php?action=wp_smushit_bulk&is_bulk_resmush=false&attachment_id=435&get_next=0&_nonce=] [http://localhost/jsos_wp/wp-admin/upload.php?page=wp-smush-bulk] skip processing because of generic constant
[Tue, 18 Oct 2016 08:36:22 +0000] [/jsos_wp/wp-admin/admin-ajax.php?action=wp_smushit_bulk&is_bulk_resmush=false&attachment_id=185&get_next=0&_nonce=] [http://localhost/jsos_wp/wp-admin/upload.php?page=wp-smush-bulk] skip processing because of generic constant
[Tue, 18 Oct 2016 08:36:26 +0000] [/jsos_wp/wp-admin/admin-ajax.php?action=wp_smushit_bulk&is_bulk_resmush=false&attachment_id=184&get_next=0&_nonce=] [http://localhost/jsos_wp/wp-admin/upload.php?page=wp-smush-bulk] skip processing because of generic constant
[Tue, 18 Oct 2016 08:36:29 +0000] [/jsos_wp/wp-admin/admin-ajax.php?action=wp_smushit_bulk&is_bulk_resmush=false&attachment_id=183&get_next=0&_nonce=] [http://localhost/jsos_wp/wp-admin/upload.php?page=wp-smush-bulk] skip processing because of generic constant
[Tue, 18 Oct 2016 08:36:32 +0000] [/jsos_wp/wp-admin/admin-ajax.php?action=wp_smushit_bulk&is_bulk_resmush=false&attachment_id=182&get_next=0&_nonce=] [http://localhost/jsos_wp/wp-admin/upload.php?page=wp-smush-bulk] skip processing because of generic constant
[Tue, 18 Oct 2016 08:36:35 +0000] [/jsos_wp/wp-admin/admin-ajax.php?action=wp_smushit_bulk&is_bulk_resmush=false&attachment_id=181&get_next=0&_nonce=] [http://localhost/jsos_wp/wp-admin/upload.php?page=wp-smush-bulk] skip processing because of generic constant
[Tue, 18 Oct 2016 08:36:39 +0000] [/jsos_wp/wp-admin/admin-ajax.php?action=wp_smushit_bulk&is_bulk_resmush=false&attachment_id=180&get_next=0&_nonce=] [http://localhost/jsos_wp/wp-admin/upload.php?page=wp-smush-bulk] skip processing because of generic constant
[Tue, 18 Oct 2016 08:36:42 +0000] [/jsos_wp/wp-admin/admin-ajax.php?action=wp_smushit_bulk&is_bulk_resmush=false&attachment_id=116&get_next=0&_nonce=] [http://localhost/jsos_wp/wp-admin/upload.php?page=wp-smush-bulk] skip processing because of generic constant
[Tue, 18 Oct 2016 08:36:45 +0000] [/jsos_wp/wp-admin/admin-ajax.php] [http://localhost/jsos_wp/wp-admin/upload.php?page=wp-smush-bulk] skip processing because of generic constant
[Tue, 18 Oct 2016 08:36:45 +0000] [/jsos_wp/wp-admin/admin-ajax.php?action=wp_smushit_bulk&is_bulk_resmush=false&attachment_id=115&get_next=0&_nonce=] [http://localhost/jsos_wp/wp-admin/upload.php?page=wp-smush-bulk] skip processing because of generic constant
[Tue, 18 Oct 2016 08:36:48 +0000] [/jsos_wp/wp-admin/admin-ajax.php?action=wp_smushit_bulk&is_bulk_resmush=false&attachment_id=114&get_next=0&_nonce=] [http://localhost/jsos_wp/wp-admin/upload.php?page=wp-smush-bulk] skip processing because of generic constant
[Tue, 18 Oct 2016 08:36:51 +0000] [/jsos_wp/wp-admin/admin-ajax.php?action=wp_smushit_bulk&is_bulk_resmush=false&attachment_id=113&get_next=0&_nonce=] [http://localhost/jsos_wp/wp-admin/upload.php?page=wp-smush-bulk] skip processing because of generic constant
[Tue, 18 Oct 2016 08:36:55 +0000] [/jsos_wp/wp-admin/admin-ajax.php?action=wp_smushit_bulk&is_bulk_resmush=false&attachment_id=112&get_next=0&_nonce=] [http://localhost/jsos_wp/wp-admin/upload.php?page=wp-smush-bulk] skip processing because of generic constant
[Tue, 18 Oct 2016 08:36:55 +0000] [/jsos_wp/wp-admin/admin-ajax.php] [http://localhost/jsos_wp/wp-admin/admin.php?page=wp-dbmanager%2Fdatabase-optimize.php] skip processing because of generic constant
[Tue, 18 Oct 2016 08:36:58 +0000] [/jsos_wp/wp-admin/admin-ajax.php?action=wp_smushit_bulk&is_bulk_resmush=false&attachment_id=111&get_next=0&_nonce=] [http://localhost/jsos_wp/wp-admin/upload.php?page=wp-smush-bulk] skip processing because of generic constant
[Tue, 18 Oct 2016 08:37:01 +0000] [/jsos_wp/wp-admin/admin-ajax.php?action=wp_smushit_bulk&is_bulk_resmush=false&attachment_id=110&get_next=0&_nonce=] [http://localhost/jsos_wp/wp-admin/upload.php?page=wp-smush-bulk] skip processing because of generic constant
[Tue, 18 Oct 2016 08:37:05 +0000] [/jsos_wp/wp-admin/admin-ajax.php?action=wp_smushit_bulk&is_bulk_resmush=false&attachment_id=109&get_next=0&_nonce=] [http://localhost/jsos_wp/wp-admin/upload.php?page=wp-smush-bulk] skip processing because of generic constant
[Tue, 18 Oct 2016 08:37:08 +0000] [/jsos_wp/wp-admin/admin-ajax.php?action=wp_smushit_bulk&is_bulk_resmush=false&attachment_id=108&get_next=0&_nonce=] [http://localhost/jsos_wp/wp-admin/upload.php?page=wp-smush-bulk] skip processing because of generic constant
[Tue, 18 Oct 2016 08:37:11 +0000] [/jsos_wp/wp-admin/admin-ajax.php?action=wp_smushit_bulk&is_bulk_resmush=false&attachment_id=107&get_next=0&_nonce=] [http://localhost/jsos_wp/wp-admin/upload.php?page=wp-smush-bulk] skip processing because of generic constant
[Tue, 18 Oct 2016 08:37:14 +0000] [/jsos_wp/wp-admin/admin-ajax.php?action=wp_smushit_bulk&is_bulk_resmush=false&attachment_id=106&get_next=0&_nonce=] [http://localhost/jsos_wp/wp-admin/upload.php?page=wp-smush-bulk] skip processing because of generic constant
[Tue, 18 Oct 2016 08:37:17 +0000] [/jsos_wp/wp-admin/admin-ajax.php?action=wp_smushit_bulk&is_bulk_resmush=false&attachment_id=105&get_next=0&_nonce=] [http://localhost/jsos_wp/wp-admin/upload.php?page=wp-smush-bulk] skip processing because of generic constant
[Tue, 18 Oct 2016 08:37:21 +0000] [/jsos_wp/wp-admin/admin-ajax.php?action=wp_smushit_bulk&is_bulk_resmush=false&attachment_id=104&get_next=0&_nonce=] [http://localhost/jsos_wp/wp-admin/upload.php?page=wp-smush-bulk] skip processing because of generic constant
[Tue, 18 Oct 2016 08:37:24 +0000] [/jsos_wp/wp-admin/admin-ajax.php?action=wp_smushit_bulk&is_bulk_resmush=false&attachment_id=103&get_next=0&_nonce=] [http://localhost/jsos_wp/wp-admin/upload.php?page=wp-smush-bulk] skip processing because of generic constant
[Tue, 18 Oct 2016 08:37:27 +0000] [/jsos_wp/wp-admin/admin-ajax.php?action=wp_smushit_bulk&is_bulk_resmush=false&attachment_id=102&get_next=0&_nonce=] [http://localhost/jsos_wp/wp-admin/upload.php?page=wp-smush-bulk] skip processing because of generic constant
[Tue, 18 Oct 2016 08:37:31 +0000] [/jsos_wp/wp-admin/admin-ajax.php?action=wp_smushit_bulk&is_bulk_resmush=false&attachment_id=101&get_next=0&_nonce=] [http://localhost/jsos_wp/wp-admin/upload.php?page=wp-smush-bulk] skip processing because of generic constant
[Tue, 18 Oct 2016 08:37:34 +0000] [/jsos_wp/wp-admin/admin-ajax.php?action=wp_smushit_bulk&is_bulk_resmush=false&attachment_id=100&get_next=0&_nonce=] [http://localhost/jsos_wp/wp-admin/upload.php?page=wp-smush-bulk] skip processing because of generic constant
[Tue, 18 Oct 2016 08:37:37 +0000] [/jsos_wp/wp-admin/admin-ajax.php?action=wp_smushit_bulk&is_bulk_resmush=false&attachment_id=99&get_next=0&_nonce=] [http://localhost/jsos_wp/wp-admin/upload.php?page=wp-smush-bulk] skip processing because of generic constant
[Tue, 18 Oct 2016 08:37:40 +0000] [/jsos_wp/wp-admin/admin-ajax.php?action=wp_smushit_bulk&is_bulk_resmush=false&attachment_id=98&get_next=0&_nonce=] [http://localhost/jsos_wp/wp-admin/upload.php?page=wp-smush-bulk] skip processing because of generic constant
[Tue, 18 Oct 2016 08:37:44 +0000] [/jsos_wp/wp-admin/admin-ajax.php?action=wp_smushit_bulk&is_bulk_resmush=false&attachment_id=97&get_next=0&_nonce=] [http://localhost/jsos_wp/wp-admin/upload.php?page=wp-smush-bulk] skip processing because of generic constant
[Tue, 18 Oct 2016 08:37:47 +0000] [/jsos_wp/wp-admin/admin-ajax.php?action=wp_smushit_bulk&is_bulk_resmush=false&attachment_id=87&get_next=0&_nonce=] [http://localhost/jsos_wp/wp-admin/upload.php?page=wp-smush-bulk] skip processing because of generic constant
[Tue, 18 Oct 2016 08:37:50 +0000] [/jsos_wp/wp-admin/admin-ajax.php?action=wp_smushit_bulk&is_bulk_resmush=false&attachment_id=41&get_next=0&_nonce=] [http://localhost/jsos_wp/wp-admin/upload.php?page=wp-smush-bulk] skip processing because of generic constant
[Tue, 18 Oct 2016 08:37:53 +0000] [/jsos_wp/wp-admin/admin-ajax.php?action=wp_smushit_bulk&is_bulk_resmush=false&attachment_id=39&get_next=0&_nonce=] [http://localhost/jsos_wp/wp-admin/upload.php?page=wp-smush-bulk] skip processing because of generic constant
[Tue, 18 Oct 2016 08:37:57 +0000] [/jsos_wp/wp-admin/admin-ajax.php?action=wp_smushit_bulk&is_bulk_resmush=false&attachment_id=38&get_next=0&_nonce=] [http://localhost/jsos_wp/wp-admin/upload.php?page=wp-smush-bulk] skip processing because of generic constant
[Tue, 18 Oct 2016 08:38:01 +0000] [/jsos_wp/wp-admin/admin-ajax.php?action=wp_smushit_bulk&is_bulk_resmush=false&attachment_id=37&get_next=0&_nonce=] [http://localhost/jsos_wp/wp-admin/upload.php?page=wp-smush-bulk] skip processing because of generic constant
[Tue, 18 Oct 2016 08:38:04 +0000] [/jsos_wp/wp-admin/admin-ajax.php?action=wp_smushit_bulk&is_bulk_resmush=false&attachment_id=36&get_next=0&_nonce=] [http://localhost/jsos_wp/wp-admin/upload.php?page=wp-smush-bulk] skip processing because of generic constant
[Tue, 18 Oct 2016 08:38:07 +0000] [/jsos_wp/wp-admin/admin-ajax.php?action=wp_smushit_bulk&is_bulk_resmush=false&attachment_id=35&get_next=0&_nonce=] [http://localhost/jsos_wp/wp-admin/upload.php?page=wp-smush-bulk] skip processing because of generic constant
[Tue, 18 Oct 2016 08:38:10 +0000] [/jsos_wp/wp-admin/admin-ajax.php?action=wp_smushit_bulk&is_bulk_resmush=false&attachment_id=34&get_next=0&_nonce=] [http://localhost/jsos_wp/wp-admin/upload.php?page=wp-smush-bulk] skip processing because of generic constant
[Tue, 18 Oct 2016 08:38:14 +0000] [/jsos_wp/wp-admin/admin-ajax.php?action=wp_smushit_bulk&is_bulk_resmush=false&attachment_id=33&get_next=0&_nonce=] [http://localhost/jsos_wp/wp-admin/upload.php?page=wp-smush-bulk] skip processing because of generic constant
[Tue, 18 Oct 2016 08:38:17 +0000] [/jsos_wp/wp-admin/admin-ajax.php?action=wp_smushit_bulk&is_bulk_resmush=false&attachment_id=32&get_next=0&_nonce=] [http://localhost/jsos_wp/wp-admin/upload.php?page=wp-smush-bulk] skip processing because of generic constant
[Tue, 18 Oct 2016 08:38:20 +0000] [/jsos_wp/wp-admin/admin-ajax.php?action=wp_smushit_bulk&is_bulk_resmush=false&attachment_id=31&get_next=0&_nonce=] [http://localhost/jsos_wp/wp-admin/upload.php?page=wp-smush-bulk] skip processing because of generic constant
[Tue, 18 Oct 2016 08:38:24 +0000] [/jsos_wp/wp-admin/admin-ajax.php?action=wp_smushit_bulk&is_bulk_resmush=false&attachment_id=30&get_next=0&_nonce=] [http://localhost/jsos_wp/wp-admin/upload.php?page=wp-smush-bulk] skip processing because of generic constant
[Tue, 18 Oct 2016 08:38:27 +0000] [/jsos_wp/wp-admin/admin-ajax.php?action=wp_smushit_bulk&is_bulk_resmush=false&attachment_id=21&get_next=0&_nonce=] [http://localhost/jsos_wp/wp-admin/upload.php?page=wp-smush-bulk] skip processing because of generic constant
[Tue, 18 Oct 2016 08:38:30 +0000] [/jsos_wp/wp-admin/admin-ajax.php?action=wp_smushit_bulk&is_bulk_resmush=false&attachment_id=20&get_next=0&_nonce=] [http://localhost/jsos_wp/wp-admin/upload.php?page=wp-smush-bulk] skip processing because of generic constant
[Tue, 18 Oct 2016 08:38:35 +0000] [/jsos_wp/wp-admin/admin-ajax.php?action=wp_smushit_bulk&is_bulk_resmush=false&attachment_id=19&get_next=0&_nonce=] [http://localhost/jsos_wp/wp-admin/upload.php?page=wp-smush-bulk] skip processing because of generic constant
[Tue, 18 Oct 2016 08:38:38 +0000] [/jsos_wp/wp-admin/admin-ajax.php?action=wp_smushit_bulk&is_bulk_resmush=false&attachment_id=18&get_next=0&_nonce=] [http://localhost/jsos_wp/wp-admin/upload.php?page=wp-smush-bulk] skip processing because of generic constant
[Tue, 18 Oct 2016 08:38:46 +0000] [/jsos_wp/wp-admin/admin-ajax.php] [http://localhost/jsos_wp/wp-admin/upload.php?page=wp-smush-bulk] skip processing because of generic constant
[Tue, 18 Oct 2016 08:38:55 +0000] [/jsos_wp/wp-admin/admin-ajax.php] [http://localhost/jsos_wp/wp-admin/admin.php?page=wp-dbmanager%2Fdatabase-optimize.php] skip processing because of generic constant
[Tue, 18 Oct 2016 08:40:47 +0000] [/jsos_wp/wp-admin/admin-ajax.php] [http://localhost/jsos_wp/wp-admin/upload.php?page=wp-smush-bulk] skip processing because of generic constant
[Tue, 18 Oct 2016 08:40:56 +0000] [/jsos_wp/wp-admin/admin-ajax.php] [http://localhost/jsos_wp/wp-admin/admin.php?page=wp-dbmanager%2Fdatabase-optimize.php] skip processing because of generic constant
[Tue, 18 Oct 2016 08:42:57 +0000] [/jsos_wp/wp-admin/admin-ajax.php] [http://localhost/jsos_wp/wp-admin/admin.php?page=wp-dbmanager%2Fdatabase-optimize.php] skip processing because of generic constant
